#
# There is insufficient memory for the Java Runtime Environment to continue.
# Native memory allocation (malloc) failed to allocate 98896 bytes for Chunk::new
# Possible reasons:
#   The system is out of physical RAM or swap space
#   The process is running with CompressedOops enabled, and the Java Heap may be blocking the growth of the native heap
# Possible solutions:
#   Reduce memory load on the system
#   Increase physical memory or swap space
#   Check if swap backing store is full
#   Decrease Java heap size (-Xmx/-Xms)
#   Decrease number of Java threads
#   Decrease Java thread stack sizes (-Xss)
#   Set larger code cache with -XX:ReservedCodeCacheSize=
#   JVM is running with Unscaled Compressed Oops mode in which the Java heap is
#     placed in the first 4GB address space. The Java Heap base address is the
#     maximum limit for the native heap growth. Please use -XX:HeapBaseMinAddress
#     to set the Java Heap base and to place the Java Heap above 4GB virtual address.
# This output file may be truncated or incomplete.
#
#  Out of Memory Error (arena.cpp:189), pid=17136, tid=32580
#
# JRE version: Java(TM) SE Runtime Environment (17.0.8+9) (build 17.0.8+9-LTS-211)
# Java VM: Java HotSpot(TM) 64-Bit Server VM (17.0.8+9-LTS-211, mixed mode, sharing, tiered, compressed oops, compressed class ptrs, g1 gc, windows-amd64)
# No core dump will be written. Minidumps are not enabled by default on client versions of Windows
#

---------------  S U M M A R Y ------------

Command Line: -Xmx64m -Xms64m -Dorg.gradle.appname=gradlew org.gradle.wrapper.GradleWrapperMain app:installDebug -PreactNativeDevServerPort=8081

Host: Intel(R) Core(TM) i7-1065G7 CPU @ 1.30GHz, 8 cores, 7G,  Windows 11 , 64 bit Build 22621 (10.0.22621.3235)
Time: Fri Mar 15 15:29:56 2024 SE Asia Standard Time elapsed time: 0.765607 seconds (0d 0h 0m 0s)

---------------  T H R E A D  ---------------

Current thread (0x00000275570ee520):  JavaThread "C2 CompilerThread0" daemon [_thread_in_native, id=32580, stack(0x000000b1e4100000,0x000000b1e4200000)]


Current CompileTask:
C2:    765  617       4       java.util.HashMap::putVal (300 bytes)

Stack: [0x000000b1e4100000,0x000000b1e4200000]
Native frames: (J=compiled Java code, j=interpreted, Vv=VM code, C=native code)
V  [jvm.dll+0x677d0a]
V  [jvm.dll+0x7d8c54]
V  [jvm.dll+0x7da3fe]
V  [jvm.dll+0x7daa63]
V  [jvm.dll+0x245c5f]
V  [jvm.dll+0xaaa6b]
V  [jvm.dll+0xab00c]
V  [jvm.dll+0x361e3f]
V  [jvm.dll+0x1bb504]
V  [jvm.dll+0x218157]
V  [jvm.dll+0x217431]
V  [jvm.dll+0x1a3af0]
V  [jvm.dll+0x2270be]
V  [jvm.dll+0x22535b]
V  [jvm.dll+0x78e7bc]
V  [jvm.dll+0x788bba]
V  [jvm.dll+0x676b35]
C  [ucrtbase.dll+0x29363]
C  [KERNEL32.DLL+0x1257d]
C  [ntdll.dll+0x5aa58]


---------------  P R O C E S S  ---------------

Threads class SMR info:
_java_thread_list=0x00000275709ee750, length=12, elements={
0x0000027557027690, 0x00000275570d2a60, 0x00000275570d3610, 0x00000275570e4740,
0x00000275570e7300, 0x00000275570ecde0, 0x00000275570ed790, 0x00000275570ee520,
0x00000275707adf60, 0x00000275707bbca0, 0x0000027570a240f0, 0x0000027570a365f0
}

Java Threads: ( => current thread )
  0x0000027557027690 JavaThread "main" [_thread_in_native, id=18608, stack(0x000000b1e3400000,0x000000b1e3500000)]
  0x00000275570d2a60 JavaThread "Reference Handler" daemon [_thread_blocked, id=36360, stack(0x000000b1e3b00000,0x000000b1e3c00000)]
  0x00000275570d3610 JavaThread "Finalizer" daemon [_thread_blocked, id=2760, stack(0x000000b1e3c00000,0x000000b1e3d00000)]
  0x00000275570e4740 JavaThread "Signal Dispatcher" daemon [_thread_blocked, id=28512, stack(0x000000b1e3d00000,0x000000b1e3e00000)]
  0x00000275570e7300 JavaThread "Attach Listener" daemon [_thread_blocked, id=17472, stack(0x000000b1e3e00000,0x000000b1e3f00000)]
  0x00000275570ecde0 JavaThread "Service Thread" daemon [_thread_blocked, id=29712, stack(0x000000b1e3f00000,0x000000b1e4000000)]
  0x00000275570ed790 JavaThread "Monitor Deflation Thread" daemon [_thread_blocked, id=28084, stack(0x000000b1e4000000,0x000000b1e4100000)]
=>0x00000275570ee520 JavaThread "C2 CompilerThread0" daemon [_thread_in_native, id=32580, stack(0x000000b1e4100000,0x000000b1e4200000)]
  0x00000275707adf60 JavaThread "C1 CompilerThread0" daemon [_thread_blocked, id=2616, stack(0x000000b1e4200000,0x000000b1e4300000)]
  0x00000275707bbca0 JavaThread "Sweeper thread" daemon [_thread_blocked, id=16988, stack(0x000000b1e4300000,0x000000b1e4400000)]
  0x0000027570a240f0 JavaThread "Notification Thread" daemon [_thread_blocked, id=20596, stack(0x000000b1e4400000,0x000000b1e4500000)]
  0x0000027570a365f0 JavaThread "Common-Cleaner" daemon [_thread_blocked, id=30672, stack(0x000000b1e4600000,0x000000b1e4700000)]

Other Threads:
  0x00000275570cbbb0 VMThread "VM Thread" [stack: 0x000000b1e3a00000,0x000000b1e3b00000] [id=9888]
  0x000002755706f270 WatcherThread [stack: 0x000000b1e4500000,0x000000b1e4600000] [id=13372]
  0x0000027557046e40 GCTaskThread "GC Thread#0" [stack: 0x000000b1e3500000,0x000000b1e3600000] [id=29220]
  0x0000027557048580 ConcurrentGCThread "G1 Main Marker" [stack: 0x000000b1e3600000,0x000000b1e3700000] [id=17872]
  0x0000027557048f90 ConcurrentGCThread "G1 Conc#0" [stack: 0x000000b1e3700000,0x000000b1e3800000] [id=5504]
  0x00000275570aead0 ConcurrentGCThread "G1 Refine#0" [stack: 0x000000b1e3800000,0x000000b1e3900000] [id=27548]
  0x00000275570af4f0 ConcurrentGCThread "G1 Service" [stack: 0x000000b1e3900000,0x000000b1e3a00000] [id=20628]

Threads with active compile tasks:
C2 CompilerThread0      811  617       4       java.util.HashMap::putVal (300 bytes)

VM state: not at safepoint (normal execution)

VM Mutex/Monitor currently owned by a thread: None

Heap address: 0x00000000fc000000, size: 64 MB, Compressed Oops mode: 32-bit

CDS archive(s) mapped at: [0x0000027500000000-0x0000027500bd0000-0x0000027500bd0000), size 12386304, SharedBaseAddress: 0x0000027500000000, ArchiveRelocationMode: 1.
Compressed class space mapped at: 0x0000027501000000-0x0000027541000000, reserved size: 1073741824
Narrow klass base: 0x0000027500000000, Narrow klass shift: 0, Narrow klass range: 0x100000000

GC Precious Log:
 CPUs: 8 total, 8 available
 Memory: 7934M
 Large Page Support: Disabled
 NUMA Support: Disabled
 Compressed Oops: Enabled (32-bit)
 Heap Region Size: 1M
 Heap Min Capacity: 64M
 Heap Initial Capacity: 64M
 Heap Max Capacity: 64M
 Pre-touch: Disabled
 Parallel Workers: 8
 Concurrent Workers: 2
 Concurrent Refinement Workers: 8
 Periodic GC: Disabled

Heap:
 garbage-first heap   total 65536K, used 19456K [0x00000000fc000000, 0x0000000100000000)
  region size 1024K, 17 young (17408K), 0 survivors (0K)
 Metaspace       used 2117K, committed 2240K, reserved 1114112K
  class space    used 202K, committed 256K, reserved 1048576K

Heap Regions: E=young(eden), S=young(survivor), O=old, HS=humongous(starts), HC=humongous(continues), CS=collection set, F=free, OA=open archive, CA=closed archive, TAMS=top-at-mark-start (previous, next)
|   0|0x00000000fc000000, 0x00000000fc100000, 0x00000000fc100000|100%|HS|  |TAMS 0x00000000fc000000, 0x00000000fc000000| Complete 
|   1|0x00000000fc100000, 0x00000000fc200000, 0x00000000fc200000|100%|HC|  |TAMS 0x00000000fc100000, 0x00000000fc100000| Complete 
|   2|0x00000000fc200000, 0x00000000fc300000, 0x00000000fc300000|100%|HC|  |TAMS 0x00000000fc200000, 0x00000000fc200000| Complete 
|   3|0x00000000fc300000, 0x00000000fc400000, 0x00000000fc400000|100%|HC|  |TAMS 0x00000000fc300000, 0x00000000fc300000| Complete 
|   4|0x00000000fc400000, 0x00000000fc400000, 0x00000000fc500000|  0%| F|  |TAMS 0x00000000fc400000, 0x00000000fc400000| Untracked 
|   5|0x00000000fc500000, 0x00000000fc500000, 0x00000000fc600000|  0%| F|  |TAMS 0x00000000fc500000, 0x00000000fc500000| Untracked 
|   6|0x00000000fc600000, 0x00000000fc600000, 0x00000000fc700000|  0%| F|  |TAMS 0x00000000fc600000, 0x00000000fc600000| Untracked 
|   7|0x00000000fc700000, 0x00000000fc700000, 0x00000000fc800000|  0%| F|  |TAMS 0x00000000fc700000, 0x00000000fc700000| Untracked 
|   8|0x00000000fc800000, 0x00000000fc800000, 0x00000000fc900000|  0%| F|  |TAMS 0x00000000fc800000, 0x00000000fc800000| Untracked 
|   9|0x00000000fc900000, 0x00000000fc900000, 0x00000000fca00000|  0%| F|  |TAMS 0x00000000fc900000, 0x00000000fc900000| Untracked 
|  10|0x00000000fca00000, 0x00000000fca00000, 0x00000000fcb00000|  0%| F|  |TAMS 0x00000000fca00000, 0x00000000fca00000| Untracked 
|  11|0x00000000fcb00000, 0x00000000fcb00000, 0x00000000fcc00000|  0%| F|  |TAMS 0x00000000fcb00000, 0x00000000fcb00000| Untracked 
|  12|0x00000000fcc00000, 0x00000000fcc00000, 0x00000000fcd00000|  0%| F|  |TAMS 0x00000000fcc00000, 0x00000000fcc00000| Untracked 
|  13|0x00000000fcd00000, 0x00000000fcd00000, 0x00000000fce00000|  0%| F|  |TAMS 0x00000000fcd00000, 0x00000000fcd00000| Untracked 
|  14|0x00000000fce00000, 0x00000000fce00000, 0x00000000fcf00000|  0%| F|  |TAMS 0x00000000fce00000, 0x00000000fce00000| Untracked 
|  15|0x00000000fcf00000, 0x00000000fcf00000, 0x00000000fd000000|  0%| F|  |TAMS 0x00000000fcf00000, 0x00000000fcf00000| Untracked 
|  16|0x00000000fd000000, 0x00000000fd000000, 0x00000000fd100000|  0%| F|  |TAMS 0x00000000fd000000, 0x00000000fd000000| Untracked 
|  17|0x00000000fd100000, 0x00000000fd100000, 0x00000000fd200000|  0%| F|  |TAMS 0x00000000fd100000, 0x00000000fd100000| Untracked 
|  18|0x00000000fd200000, 0x00000000fd200000, 0x00000000fd300000|  0%| F|  |TAMS 0x00000000fd200000, 0x00000000fd200000| Untracked 
|  19|0x00000000fd300000, 0x00000000fd300000, 0x00000000fd400000|  0%| F|  |TAMS 0x00000000fd300000, 0x00000000fd300000| Untracked 
|  20|0x00000000fd400000, 0x00000000fd400000, 0x00000000fd500000|  0%| F|  |TAMS 0x00000000fd400000, 0x00000000fd400000| Untracked 
|  21|0x00000000fd500000, 0x00000000fd500000, 0x00000000fd600000|  0%| F|  |TAMS 0x00000000fd500000, 0x00000000fd500000| Untracked 
|  22|0x00000000fd600000, 0x00000000fd600000, 0x00000000fd700000|  0%| F|  |TAMS 0x00000000fd600000, 0x00000000fd600000| Untracked 
|  23|0x00000000fd700000, 0x00000000fd700000, 0x00000000fd800000|  0%| F|  |TAMS 0x00000000fd700000, 0x00000000fd700000| Untracked 
|  24|0x00000000fd800000, 0x00000000fd800000, 0x00000000fd900000|  0%| F|  |TAMS 0x00000000fd800000, 0x00000000fd800000| Untracked 
|  25|0x00000000fd900000, 0x00000000fd900000, 0x00000000fda00000|  0%| F|  |TAMS 0x00000000fd900000, 0x00000000fd900000| Untracked 
|  26|0x00000000fda00000, 0x00000000fda00000, 0x00000000fdb00000|  0%| F|  |TAMS 0x00000000fda00000, 0x00000000fda00000| Untracked 
|  27|0x00000000fdb00000, 0x00000000fdb00000, 0x00000000fdc00000|  0%| F|  |TAMS 0x00000000fdb00000, 0x00000000fdb00000| Untracked 
|  28|0x00000000fdc00000, 0x00000000fdc00000, 0x00000000fdd00000|  0%| F|  |TAMS 0x00000000fdc00000, 0x00000000fdc00000| Untracked 
|  29|0x00000000fdd00000, 0x00000000fdd00000, 0x00000000fde00000|  0%| F|  |TAMS 0x00000000fdd00000, 0x00000000fdd00000| Untracked 
|  30|0x00000000fde00000, 0x00000000fde00000, 0x00000000fdf00000|  0%| F|  |TAMS 0x00000000fde00000, 0x00000000fde00000| Untracked 
|  31|0x00000000fdf00000, 0x00000000fdf00000, 0x00000000fe000000|  0%| F|  |TAMS 0x00000000fdf00000, 0x00000000fdf00000| Untracked 
|  32|0x00000000fe000000, 0x00000000fe000000, 0x00000000fe100000|  0%| F|  |TAMS 0x00000000fe000000, 0x00000000fe000000| Untracked 
|  33|0x00000000fe100000, 0x00000000fe100000, 0x00000000fe200000|  0%| F|  |TAMS 0x00000000fe100000, 0x00000000fe100000| Untracked 
|  34|0x00000000fe200000, 0x00000000fe200000, 0x00000000fe300000|  0%| F|  |TAMS 0x00000000fe200000, 0x00000000fe200000| Untracked 
|  35|0x00000000fe300000, 0x00000000fe300000, 0x00000000fe400000|  0%| F|  |TAMS 0x00000000fe300000, 0x00000000fe300000| Untracked 
|  36|0x00000000fe400000, 0x00000000fe400000, 0x00000000fe500000|  0%| F|  |TAMS 0x00000000fe400000, 0x00000000fe400000| Untracked 
|  37|0x00000000fe500000, 0x00000000fe500000, 0x00000000fe600000|  0%| F|  |TAMS 0x00000000fe500000, 0x00000000fe500000| Untracked 
|  38|0x00000000fe600000, 0x00000000fe600000, 0x00000000fe700000|  0%| F|  |TAMS 0x00000000fe600000, 0x00000000fe600000| Untracked 
|  39|0x00000000fe700000, 0x00000000fe700000, 0x00000000fe800000|  0%| F|  |TAMS 0x00000000fe700000, 0x00000000fe700000| Untracked 
|  40|0x00000000fe800000, 0x00000000fe800000, 0x00000000fe900000|  0%| F|  |TAMS 0x00000000fe800000, 0x00000000fe800000| Untracked 
|  41|0x00000000fe900000, 0x00000000fe900000, 0x00000000fea00000|  0%| F|  |TAMS 0x00000000fe900000, 0x00000000fe900000| Untracked 
|  42|0x00000000fea00000, 0x00000000fea00000, 0x00000000feb00000|  0%| F|  |TAMS 0x00000000fea00000, 0x00000000fea00000| Untracked 
|  43|0x00000000feb00000, 0x00000000feb00000, 0x00000000fec00000|  0%| F|  |TAMS 0x00000000feb00000, 0x00000000feb00000| Untracked 
|  44|0x00000000fec00000, 0x00000000fec00000, 0x00000000fed00000|  0%| F|  |TAMS 0x00000000fec00000, 0x00000000fec00000| Untracked 
|  45|0x00000000fed00000, 0x00000000fed00000, 0x00000000fee00000|  0%| F|  |TAMS 0x00000000fed00000, 0x00000000fed00000| Untracked 
|  46|0x00000000fee00000, 0x00000000fee00000, 0x00000000fef00000|  0%| F|  |TAMS 0x00000000fee00000, 0x00000000fee00000| Untracked 
|  47|0x00000000fef00000, 0x00000000fef90498, 0x00000000ff000000| 56%| E|  |TAMS 0x00000000fef00000, 0x00000000fef00000| Complete 
|  48|0x00000000ff000000, 0x00000000ff100000, 0x00000000ff100000|100%| E|CS|TAMS 0x00000000ff000000, 0x00000000ff000000| Complete 
|  49|0x00000000ff100000, 0x00000000ff200000, 0x00000000ff200000|100%| E|  |TAMS 0x00000000ff100000, 0x00000000ff100000| Complete 
|  50|0x00000000ff200000, 0x00000000ff300000, 0x00000000ff300000|100%| E|CS|TAMS 0x00000000ff200000, 0x00000000ff200000| Complete 
|  51|0x00000000ff300000, 0x00000000ff400000, 0x00000000ff400000|100%| E|CS|TAMS 0x00000000ff300000, 0x00000000ff300000| Complete 
|  52|0x00000000ff400000, 0x00000000ff500000, 0x00000000ff500000|100%| E|CS|TAMS 0x00000000ff400000, 0x00000000ff400000| Complete 
|  53|0x00000000ff500000, 0x00000000ff600000, 0x00000000ff600000|100%| E|CS|TAMS 0x00000000ff500000, 0x00000000ff500000| Complete 
|  54|0x00000000ff600000, 0x00000000ff700000, 0x00000000ff700000|100%| E|CS|TAMS 0x00000000ff600000, 0x00000000ff600000| Complete 
|  55|0x00000000ff700000, 0x00000000ff800000, 0x00000000ff800000|100%| E|CS|TAMS 0x00000000ff700000, 0x00000000ff700000| Complete 
|  56|0x00000000ff800000, 0x00000000ff900000, 0x00000000ff900000|100%| E|CS|TAMS 0x00000000ff800000, 0x00000000ff800000| Complete 
|  57|0x00000000ff900000, 0x00000000ffa00000, 0x00000000ffa00000|100%| E|CS|TAMS 0x00000000ff900000, 0x00000000ff900000| Complete 
|  58|0x00000000ffa00000, 0x00000000ffb00000, 0x00000000ffb00000|100%| E|CS|TAMS 0x00000000ffa00000, 0x00000000ffa00000| Complete 
|  59|0x00000000ffb00000, 0x00000000ffc00000, 0x00000000ffc00000|100%| E|CS|TAMS 0x00000000ffb00000, 0x00000000ffb00000| Complete 
|  60|0x00000000ffc00000, 0x00000000ffd00000, 0x00000000ffd00000|100%| E|CS|TAMS 0x00000000ffc00000, 0x00000000ffc00000| Complete 
|  61|0x00000000ffd00000, 0x00000000ffe00000, 0x00000000ffe00000|100%| E|CS|TAMS 0x00000000ffd00000, 0x00000000ffd00000| Complete 
|  62|0x00000000ffe00000, 0x00000000fff00000, 0x00000000fff00000|100%| E|CS|TAMS 0x00000000ffe00000, 0x00000000ffe00000| Complete 
|  63|0x00000000fff00000, 0x0000000100000000, 0x0000000100000000|100%| E|CS|TAMS 0x00000000fff00000, 0x00000000fff00000| Complete 

Card table byte_map: [0x0000027556f70000,0x0000027556f90000] _byte_map_base: 0x0000027556790000

Marking Bits (Prev, Next): (CMBitMap*) 0x0000027557047450, (CMBitMap*) 0x0000027557047490
 Prev Bits: [0x000002756dbf0000, 0x000002756dcf0000)
 Next Bits: [0x000002756dcf0000, 0x000002756ddf0000)

Polling page: 0x00000275567f0000

Metaspace:

Usage:
  Non-class:      1.87 MB used.
      Class:    202.84 KB used.
       Both:      2.07 MB used.

Virtual space:
  Non-class space:       64.00 MB reserved,       1.94 MB (  3%) committed,  1 nodes.
      Class space:        1.00 GB reserved,     256.00 KB ( <1%) committed,  1 nodes.
             Both:        1.06 GB reserved,       2.19 MB ( <1%) committed. 

Chunk freelists:
   Non-Class:  11.55 MB
       Class:  15.66 MB
        Both:  27.20 MB

MaxMetaspaceSize: unlimited
CompressedClassSpaceSize: 1.00 GB
Initial GC threshold: 21.00 MB
Current GC threshold: 21.00 MB
CDS: on
MetaspaceReclaimPolicy: balanced
 - commit_granule_bytes: 65536.
 - commit_granule_words: 8192.
 - virtual_space_node_default_size: 8388608.
 - enlarge_chunks_in_place: 1.
 - new_chunks_are_fully_committed: 0.
 - uncommit_free_chunks: 1.
 - use_allocation_guard: 0.
 - handle_deallocations: 1.


Internal statistics:

num_allocs_failed_limit: 0.
num_arena_births: 14.
num_arena_deaths: 0.
num_vsnodes_births: 2.
num_vsnodes_deaths: 0.
num_space_committed: 35.
num_space_uncommitted: 0.
num_chunks_returned_to_freelist: 0.
num_chunks_taken_from_freelist: 54.
num_chunk_merges: 0.
num_chunk_splits: 31.
num_chunks_enlarged: 26.
num_purges: 0.
num_inconsistent_stats: 0.

CodeHeap 'non-profiled nmethods': size=120000Kb used=205Kb max_used=205Kb free=119794Kb
 bounds [0x0000027566390000, 0x0000027566600000, 0x000002756d8c0000]
CodeHeap 'profiled nmethods': size=120000Kb used=1124Kb max_used=1124Kb free=118876Kb
 bounds [0x000002755e8c0000, 0x000002755eb30000, 0x0000027565df0000]
CodeHeap 'non-nmethods': size=5760Kb used=1134Kb max_used=1150Kb free=4625Kb
 bounds [0x0000027565df0000, 0x0000027566060000, 0x0000027566390000]
 total_blobs=1035 nmethods=631 adapters=317
 compilation: enabled
              stopped_count=0, restarted_count=0
 full_count=0

Compilation events (20 events):
Event: 0.720 Thread 0x00000275707adf60 nmethod 610 0x000002755e9c2b90 code [0x000002755e9c2d80, 0x000002755e9c3248]
Event: 0.720 Thread 0x00000275707adf60  611       3       java.util.concurrent.TimeUnit::toMillis (69 bytes)
Event: 0.720 Thread 0x00000275707adf60 nmethod 611 0x000002755e9c3410 code [0x000002755e9c35c0, 0x000002755e9c38d8]
Event: 0.727 Thread 0x00000275707adf60  613       3       sun.net.util.IPAddressUtil::scan (92 bytes)
Event: 0.727 Thread 0x00000275707adf60 nmethod 613 0x000002755e9c3990 code [0x000002755e9c3c00, 0x000002755e9c4738]
Event: 0.740 Thread 0x00000275707adf60  615       3       java.util.zip.ZipFile$Source::initCEN (591 bytes)
Event: 0.743 Thread 0x00000275707adf60 nmethod 615 0x000002755e9c4c90 code [0x000002755e9c51c0, 0x000002755e9c83b8]
Event: 0.743 Thread 0x00000275707adf60  614       3       java.util.Arrays::fill (21 bytes)
Event: 0.743 Thread 0x00000275707adf60 nmethod 614 0x000002755e9c9710 code [0x000002755e9c98a0, 0x000002755e9c9a58]
Event: 0.743 Thread 0x00000275707adf60  616       3       java.util.HashMap::containsKey (14 bytes)
Event: 0.743 Thread 0x00000275707adf60 nmethod 616 0x000002755e9c9b90 code [0x000002755e9c9d40, 0x000002755e9c9ee8]
Event: 0.746 Thread 0x00000275570ee520  617       4       java.util.HashMap::putVal (300 bytes)
Event: 0.752 Thread 0x00000275707adf60  619       3       java.net.URL::getDefaultPort (8 bytes)
Event: 0.752 Thread 0x00000275707adf60 nmethod 619 0x000002755e9c9f90 code [0x000002755e9ca120, 0x000002755e9ca318]
Event: 0.752 Thread 0x00000275707adf60  620       3       java.io.File::<init> (47 bytes)
Event: 0.753 Thread 0x00000275707adf60 nmethod 620 0x000002755e9ca410 code [0x000002755e9ca5e0, 0x000002755e9ca988]
Event: 0.754 Thread 0x00000275707adf60  621       3       java.lang.String::newStringUTF8NoRepl (276 bytes)
Event: 0.755 Thread 0x00000275707adf60 nmethod 621 0x000002755e9cab10 code [0x000002755e9cadc0, 0x000002755e9cbeb8]
Event: 0.759 Thread 0x00000275707adf60  622       3       jdk.internal.util.jar.JarIndex::addMapping (21 bytes)
Event: 0.760 Thread 0x00000275707adf60 nmethod 622 0x000002755e9cc490 code [0x000002755e9cc640, 0x000002755e9cc7d8]

GC Heap History (0 events):
No events

Deoptimization events (20 events):
Event: 0.598 Thread 0x0000027557027690 DEOPT PACKING pc=0x00000275663afb94 sp=0x000000b1e34f9280
Event: 0.598 Thread 0x0000027557027690 DEOPT UNPACKING pc=0x0000027565e45ba3 sp=0x000000b1e34f9228 mode 2
Event: 0.610 Thread 0x0000027557027690 Uncommon trap: trap_request=0xffffffde fr.pc=0x00000275663b6d4c relative=0x0000000000000e4c
Event: 0.610 Thread 0x0000027557027690 Uncommon trap: reason=class_check action=maybe_recompile pc=0x00000275663b6d4c method=java.util.HashMap.putVal(ILjava/lang/Object;Ljava/lang/Object;ZZ)Ljava/lang/Object; @ 91 c2
Event: 0.610 Thread 0x0000027557027690 DEOPT PACKING pc=0x00000275663b6d4c sp=0x000000b1e34f9b90
Event: 0.610 Thread 0x0000027557027690 DEOPT UNPACKING pc=0x0000027565e45ba3 sp=0x000000b1e34f9b20 mode 2
Event: 0.647 Thread 0x0000027557027690 Uncommon trap: trap_request=0xffffffde fr.pc=0x00000275663b6d4c relative=0x0000000000000e4c
Event: 0.647 Thread 0x0000027557027690 Uncommon trap: reason=class_check action=maybe_recompile pc=0x00000275663b6d4c method=java.util.HashMap.putVal(ILjava/lang/Object;Ljava/lang/Object;ZZ)Ljava/lang/Object; @ 91 c2
Event: 0.647 Thread 0x0000027557027690 DEOPT PACKING pc=0x00000275663b6d4c sp=0x000000b1e34f9b90
Event: 0.647 Thread 0x0000027557027690 DEOPT UNPACKING pc=0x0000027565e45ba3 sp=0x000000b1e34f9b20 mode 2
Event: 0.652 Thread 0x0000027557027690 Uncommon trap: trap_request=0xffffffde fr.pc=0x00000275663b6df4 relative=0x0000000000000ef4
Event: 0.652 Thread 0x0000027557027690 Uncommon trap: reason=class_check action=maybe_recompile pc=0x00000275663b6df4 method=java.util.HashMap.putVal(ILjava/lang/Object;Ljava/lang/Object;ZZ)Ljava/lang/Object; @ 203 c2
Event: 0.652 Thread 0x0000027557027690 DEOPT PACKING pc=0x00000275663b6df4 sp=0x000000b1e34f9b90
Event: 0.652 Thread 0x0000027557027690 DEOPT UNPACKING pc=0x0000027565e45ba3 sp=0x000000b1e34f9b20 mode 2
Event: 0.654 Thread 0x0000027557027690 Uncommon trap: trap_request=0xffffffde fr.pc=0x00000275663b6d4c relative=0x0000000000000e4c
Event: 0.654 Thread 0x0000027557027690 Uncommon trap: reason=class_check action=maybe_recompile pc=0x00000275663b6d4c method=java.util.HashMap.putVal(ILjava/lang/Object;Ljava/lang/Object;ZZ)Ljava/lang/Object; @ 91 c2
Event: 0.654 Thread 0x0000027557027690 DEOPT PACKING pc=0x00000275663b6d4c sp=0x000000b1e34f9b90
Event: 0.654 Thread 0x0000027557027690 DEOPT UNPACKING pc=0x0000027565e45ba3 sp=0x000000b1e34f9b20 mode 2
Event: 0.665 Thread 0x0000027557027690 DEOPT PACKING pc=0x000002755e8efef7 sp=0x000000b1e34f8d40
Event: 0.665 Thread 0x0000027557027690 DEOPT UNPACKING pc=0x0000027565e466e3 sp=0x000000b1e34f8200 mode 0

Classes unloaded (0 events):
No events

Classes redefined (0 events):
No events

Internal exceptions (1 events):
Event: 0.264 Thread 0x0000027557027690 Exception <a 'java/lang/NoSuchMethodError'{0x00000000ffc6e320}: 'int java.lang.invoke.DirectMethodHandle$Holder.invokeStaticInit(java.lang.Object, java.lang.Object)'> (0x00000000ffc6e320) 
thrown [s\open\src\hotspot\share\interpreter\linkResolver.cpp, line 759]

VM Operations (2 events):
Event: 0.127 Executing VM operation: HandshakeAllThreads
Event: 0.127 Executing VM operation: HandshakeAllThreads done

Events (20 events):
Event: 0.687 loading class java/lang/NoSuchFieldError
Event: 0.687 loading class java/lang/NoSuchFieldError done
Event: 0.689 loading class java/util/concurrent/LinkedBlockingQueue
Event: 0.689 loading class java/util/concurrent/BlockingQueue
Event: 0.689 loading class java/util/concurrent/BlockingQueue done
Event: 0.689 loading class java/util/AbstractQueue
Event: 0.690 loading class java/util/AbstractQueue done
Event: 0.690 loading class java/util/concurrent/LinkedBlockingQueue done
Event: 0.690 loading class java/util/concurrent/locks/AbstractQueuedSynchronizer$ConditionObject
Event: 0.690 loading class java/util/concurrent/locks/Condition
Event: 0.690 loading class java/util/concurrent/locks/Condition done
Event: 0.690 loading class java/util/concurrent/locks/AbstractQueuedSynchronizer$ConditionObject done
Event: 0.691 loading class java/util/concurrent/LinkedBlockingQueue$Node
Event: 0.691 loading class java/util/concurrent/LinkedBlockingQueue$Node done
Event: 0.692 loading class java/lang/SecurityException
Event: 0.692 loading class java/lang/SecurityException done
Event: 0.694 loading class java/net/URLClassLoader$3
Event: 0.694 loading class java/net/URLClassLoader$3 done
Event: 0.694 loading class java/net/URLClassLoader$3$1
Event: 0.694 loading class java/net/URLClassLoader$3$1 done


Dynamic libraries:
0x00007ff7beda0000 - 0x00007ff7bedb0000 	C:\Program Files\Java\jdk-17\bin\java.exe
0x00007ff98ee50000 - 0x00007ff98f066000 	C:\WINDOWS\SYSTEM32\ntdll.dll
0x00007ff98dc80000 - 0x00007ff98dd44000 	C:\WINDOWS\System32\KERNEL32.DLL
0x00007ff98c6d0000 - 0x00007ff98ca76000 	C:\WINDOWS\System32\KERNELBASE.dll
0x00007ff98c380000 - 0x00007ff98c491000 	C:\WINDOWS\System32\ucrtbase.dll
0x00007ff9502a0000 - 0x00007ff9502bb000 	C:\Program Files\Java\jdk-17\bin\VCRUNTIME140.dll
0x00007ff957170000 - 0x00007ff957189000 	C:\Program Files\Java\jdk-17\bin\jli.dll
0x00007ff98d9c0000 - 0x00007ff98da72000 	C:\WINDOWS\System32\ADVAPI32.dll
0x00007ff98df20000 - 0x00007ff98dfc7000 	C:\WINDOWS\System32\msvcrt.dll
0x00007ff98dd50000 - 0x00007ff98ddf8000 	C:\WINDOWS\System32\sechost.dll
0x00007ff98c190000 - 0x00007ff98c1b8000 	C:\WINDOWS\System32\bcrypt.dll
0x00007ff98d760000 - 0x00007ff98d875000 	C:\WINDOWS\System32\RPCRT4.dll
0x00007ff98e830000 - 0x00007ff98e9dd000 	C:\WINDOWS\System32\USER32.dll
0x00007ff98c1c0000 - 0x00007ff98c1e6000 	C:\WINDOWS\System32\win32u.dll
0x00007ff98d020000 - 0x00007ff98d049000 	C:\WINDOWS\System32\GDI32.dll
0x00007ff98ca80000 - 0x00007ff98cb98000 	C:\WINDOWS\System32\gdi32full.dll
0x00007ff976090000 - 0x00007ff976323000 	C:\WINDOWS\WinSxS\amd64_microsoft.windows.common-controls_6595b64144ccf1df_6.0.22621.3235_none_270f74e173860f98\COMCTL32.dll
0x00007ff98c2e0000 - 0x00007ff98c37a000 	C:\WINDOWS\System32\msvcp_win.dll
0x00007ff980a10000 - 0x00007ff980a1a000 	C:\WINDOWS\SYSTEM32\VERSION.dll
0x00007ff98d980000 - 0x00007ff98d9b1000 	C:\WINDOWS\System32\IMM32.DLL
0x00007ff974220000 - 0x00007ff97422c000 	C:\Program Files\Java\jdk-17\bin\vcruntime140_1.dll
0x00007ff919660000 - 0x00007ff9196ee000 	C:\Program Files\Java\jdk-17\bin\msvcp140.dll
0x00007ff8f3ea0000 - 0x00007ff8f4a7e000 	C:\Program Files\Java\jdk-17\bin\server\jvm.dll
0x00007ff98deb0000 - 0x00007ff98deb8000 	C:\WINDOWS\System32\PSAPI.DLL
0x00007ff983ab0000 - 0x00007ff983ae4000 	C:\WINDOWS\SYSTEM32\WINMM.dll
0x00007ff96ebd0000 - 0x00007ff96ebd9000 	C:\WINDOWS\SYSTEM32\WSOCK32.dll
0x00007ff98d400000 - 0x00007ff98d471000 	C:\WINDOWS\System32\WS2_32.dll
0x00007ff98b190000 - 0x00007ff98b1a8000 	C:\WINDOWS\SYSTEM32\kernel.appcore.dll
0x00007ff973200000 - 0x00007ff97320a000 	C:\Program Files\Java\jdk-17\bin\jimage.dll
0x00007ff989c30000 - 0x00007ff989e63000 	C:\WINDOWS\SYSTEM32\DBGHELP.DLL
0x00007ff98e9e0000 - 0x00007ff98ed68000 	C:\WINDOWS\System32\combase.dll
0x00007ff98d050000 - 0x00007ff98d127000 	C:\WINDOWS\System32\OLEAUT32.dll
0x00007ff972dd0000 - 0x00007ff972e02000 	C:\WINDOWS\SYSTEM32\dbgcore.DLL
0x00007ff98c1f0000 - 0x00007ff98c26a000 	C:\WINDOWS\System32\bcryptPrimitives.dll
0x00007ff946120000 - 0x00007ff946145000 	C:\Program Files\Java\jdk-17\bin\java.dll
0x00007ff8f79f0000 - 0x00007ff8f7ac7000 	C:\Program Files\Java\jdk-17\bin\jsvml.dll
0x00007ff98dfd0000 - 0x00007ff98e82c000 	C:\WINDOWS\System32\SHELL32.dll
0x00007ff98a0a0000 - 0x00007ff98a998000 	C:\WINDOWS\SYSTEM32\windows.storage.dll
0x00007ff989f60000 - 0x00007ff98a09e000 	C:\WINDOWS\SYSTEM32\wintypes.dll
0x00007ff98d480000 - 0x00007ff98d573000 	C:\WINDOWS\System32\SHCORE.dll
0x00007ff98dec0000 - 0x00007ff98df1e000 	C:\WINDOWS\System32\shlwapi.dll
0x00007ff98c0c0000 - 0x00007ff98c0e6000 	C:\WINDOWS\SYSTEM32\profapi.dll
0x00007ff94e160000 - 0x00007ff94e179000 	C:\Program Files\Java\jdk-17\bin\net.dll
0x00007ff983950000 - 0x00007ff983a87000 	C:\WINDOWS\SYSTEM32\WINHTTP.dll
0x00007ff98b610000 - 0x00007ff98b679000 	C:\WINDOWS\system32\mswsock.dll
0x00007ff92a5a0000 - 0x00007ff92a5b6000 	C:\Program Files\Java\jdk-17\bin\nio.dll
0x00007ff920f10000 - 0x00007ff920f28000 	C:\Program Files\Java\jdk-17\bin\zip.dll
0x00007ff987730000 - 0x00007ff987740000 	C:\Program Files\Java\jdk-17\bin\verify.dll

dbghelp: loaded successfully - version: 4.0.5 - missing functions: none
symbol engine: initialized successfully - sym options: 0x614 - pdb path: .;C:\Program Files\Java\jdk-17\bin;C:\WINDOWS\SYSTEM32;C:\WINDOWS\WinSxS\amd64_microsoft.windows.common-controls_6595b64144ccf1df_6.0.22621.3235_none_270f74e173860f98;C:\Program Files\Java\jdk-17\bin\server

VM Arguments:
jvm_args: -Xmx64m -Xms64m -Dorg.gradle.appname=gradlew 
java_command: org.gradle.wrapper.GradleWrapperMain app:installDebug -PreactNativeDevServerPort=8081
java_class_path (initial): D:\TLCN\app_dat_phong_khach_san\client\android\\gradle\wrapper\gradle-wrapper.jar
Launcher Type: SUN_STANDARD

[Global flags]
     intx CICompilerCount                          = 4                                         {product} {ergonomic}
     uint ConcGCThreads                            = 2                                         {product} {ergonomic}
     uint G1ConcRefinementThreads                  = 8                                         {product} {ergonomic}
   size_t G1HeapRegionSize                         = 1048576                                   {product} {ergonomic}
    uintx GCDrainStackTargetSize                   = 64                                        {product} {ergonomic}
   size_t InitialHeapSize                          = 67108864                                  {product} {command line}
   size_t MarkStackSize                            = 4194304                                   {product} {ergonomic}
   size_t MaxHeapSize                              = 67108864                                  {product} {command line}
   size_t MaxNewSize                               = 39845888                                  {product} {ergonomic}
   size_t MinHeapDeltaBytes                        = 1048576                                   {product} {ergonomic}
   size_t MinHeapSize                              = 67108864                                  {product} {command line}
    uintx NonNMethodCodeHeapSize                   = 5839372                                {pd product} {ergonomic}
    uintx NonProfiledCodeHeapSize                  = 122909434                              {pd product} {ergonomic}
    uintx ProfiledCodeHeapSize                     = 122909434                              {pd product} {ergonomic}
    uintx ReservedCodeCacheSize                    = 251658240                              {pd product} {ergonomic}
     bool SegmentedCodeCache                       = true                                      {product} {ergonomic}
   size_t SoftMaxHeapSize                          = 67108864                               {manageable} {ergonomic}
     bool UseCompressedClassPointers               = true                           {product lp64_product} {ergonomic}
     bool UseCompressedOops                        = true                           {product lp64_product} {ergonomic}
     bool UseG1GC                                  = true                                      {product} {ergonomic}
     bool UseLargePagesIndividualAllocation        = false                                  {pd product} {ergonomic}

Logging:
Log output configuration:
 #0: stdout all=warning uptime,level,tags
 #1: stderr all=off uptime,level,tags

Environment Variables:
JAVA_HOME=C:\Program Files\Java\jdk-17
CLASSPATH=D:\TLCN\app_dat_phong_khach_san\client\android\\gradle\wrapper\gradle-wrapper.jar
PATH=D:\TLCN\app_dat_phong_khach_san\client\node_modules\.bin;D:\TLCN\app_dat_phong_khach_san\client\node_modules\.bin;D:\TLCN\app_dat_phong_khach_san\node_modules\.bin;D:\TLCN\node_modules\.bin;D:\node_modules\.bin;C:\Users\Lenovo\AppData\Roaming\npm\node_modules\npm\node_modules\@npmcli\run-script\lib\node-gyp-bin;D:\TLCN\app_dat_phong_khach_san\client\node_modules\.bin;D:\TLCN\app_dat_phong_khach_san\node_modules\.bin;D:\TLCN\node_modules\.bin;D:\node_modules\.bin;C:\Users\Lenovo\AppData\Roaming\npm\node_modules\npm\node_modules\@npmcli\run-script\lib\node-gyp-bin;C:\Program Files\Common Files\Oracle\Java\javapath;C:\Program Files (x86)\VMware\VMware Workstation\bin\;C:\Windows\system32;C:\Windows;C:\Windows\System32\Wbem;C:\Windows\System32\WindowsPowerShell\v1.0\;C:\Windows\System32\OpenSSH\;C:\Program Files\dotnet\;C:\Program Files\Microsoft SQL Server\150\Tools\Binn\;C:\Program Files\Microsoft SQL Server\Client SDK\ODBC\170\Tools\Binn\;C:\Program Files (x86)\Microsoft SQL Server\150\DTS\Binn\;C:\Program Files\Azure Data Studio\bin;C:\MinGW\bin;C:\WINDOWS\system32;C:\WINDOWS;C:\WINDOWS\System32\Wbem;C:\WINDOWS\System32\WindowsPowerShell\v1.0\;C:\WINDOWS\System32\OpenSSH\;C:\apache-maven-3.6.0\bin;C:\Program Files\Java\jdk-17\bin;C:\Program Files\Git\cmd;C:\Program Files (x86)\Microsoft SQL Server\160\Tools\Binn\;C:\Program Files\Microsoft SQL Server\160\Tools\Binn\;C:\Program Files\Microsoft SQL Server\160\DTS\Binn\;C:\Program Files\PuTTY\;C:\Program Files\Docker\Docker\resources\bin;C:\ProgramData\chocolatey\bin;C:\Users\Lenovo\AppData\Roaming\nvm;C:\Program Files\nvm;C:\Users\Lenovo\AppData\Local\Programs\Python\Python312\Scripts\;C:\Users\Lenovo\AppData\Local\Programs\Python\Python312\;C:\Users\Lenovo\AppData\Local\Programs\Python\Python311\Scripts\;C:\Users\Lenovo\AppData\Local\Programs\Python\Python311\;C:\Program Files\MySQL\MySQL Shell 8.0\bin\;C:\Users\Lenovo\AppData\Local\Microsoft\WindowsApps;C:\Users\Lenovo\.dotnet\tools;C:\Users\Lenovo\AppData\Local\P
USERNAME=Lenovo
OS=Windows_NT
PROCESSOR_IDENTIFIER=Intel64 Family 6 Model 126 Stepping 5, GenuineIntel



---------------  S Y S T E M  ---------------

OS:
 Windows 11 , 64 bit Build 22621 (10.0.22621.3235)
OS uptime: 8 days 17:25 hours
Hyper-V role detected

CPU: total 8 (initial active 8) (4 cores per cpu, 2 threads per core) family 6 model 126 stepping 5 microcode 0x86, cx8, cmov, fxsr, ht, mmx, 3dnowpref, sse, sse2, sse3, ssse3, sse4.1, sse4.2, popcnt, lzcnt, tsc, tscinvbit, avx, avx2, aes, erms, clmul, bmi1, bmi2, adx, avx512f, avx512dq, avx512cd, avx512bw, avx512vl, sha, fma, vzeroupper, avx512_vpopcntdq, avx512_vpclmulqdq, avx512_vaes, avx512_vnni, clflush, clflushopt, avx512_vbmi2, avx512_vbmi, hv

Memory: 4k page, system-wide physical 7934M (198M free)
TotalPageFile size 32510M (AvailPageFile size 0M)
current process WorkingSet (physical memory assigned to process): 62M, peak: 62M
current process commit charge ("private bytes"): 152M, peak: 152M

vm_info: Java HotSpot(TM) 64-Bit Server VM (17.0.8+9-LTS-211) for windows-amd64 JRE (17.0.8+9-LTS-211), built on Jun 14 2023 10:34:31 by "mach5one" with MS VC++ 17.1 (VS2022)

END.
