#
# There is insufficient memory for the Java Runtime Environment to continue.
# Native memory allocation (malloc) failed to allocate 1906416 bytes for Chunk::new
# Possible reasons:
#   The system is out of physical RAM or swap space
#   The process is running with CompressedOops enabled, and the Java Heap may be blocking the growth of the native heap
# Possible solutions:
#   Reduce memory load on the system
#   Increase physical memory or swap space
#   Check if swap backing store is full
#   Decrease Java heap size (-Xmx/-Xms)
#   Decrease number of Java threads
#   Decrease Java thread stack sizes (-Xss)
#   Set larger code cache with -XX:ReservedCodeCacheSize=
#   JVM is running with Unscaled Compressed Oops mode in which the Java heap is
#     placed in the first 4GB address space. The Java Heap base address is the
#     maximum limit for the native heap growth. Please use -XX:HeapBaseMinAddress
#     to set the Java Heap base and to place the Java Heap above 4GB virtual address.
# This output file may be truncated or incomplete.
#
#  Out of Memory Error (arena.cpp:189), pid=15464, tid=31800
#
# JRE version: Java(TM) SE Runtime Environment (17.0.8+9) (build 17.0.8+9-LTS-211)
# Java VM: Java HotSpot(TM) 64-Bit Server VM (17.0.8+9-LTS-211, mixed mode, sharing, tiered, compressed oops, compressed class ptrs, g1 gc, windows-amd64)
# No core dump will be written. Minidumps are not enabled by default on client versions of Windows
#

---------------  S U M M A R Y ------------

Command Line: -XX:MaxMetaspaceSize=512m --add-opens=java.base/java.util=ALL-UNNAMED --add-opens=java.base/java.lang=ALL-UNNAMED --add-opens=java.base/java.lang.invoke=ALL-UNNAMED --add-opens=java.prefs/java.util.prefs=ALL-UNNAMED --add-opens=java.base/java.nio.charset=ALL-UNNAMED --add-opens=java.base/java.net=ALL-UNNAMED --add-opens=java.base/java.util.concurrent.atomic=ALL-UNNAMED -Xmx2048m -Dfile.encoding=windows-1252 -Duser.country=VN -Duser.language=vi -Duser.variant -javaagent:C:\Users\Lenovo\.gradle\wrapper\dists\gradle-8.3-all\6en3ugtfdg5xnpx44z4qbwgas\gradle-8.3\lib\agents\gradle-instrumentation-agent-8.3.jar org.gradle.launcher.daemon.bootstrap.GradleDaemon 8.3

Host: Intel(R) Core(TM) i7-1065G7 CPU @ 1.30GHz, 8 cores, 7G,  Windows 11 , 64 bit Build 22621 (10.0.22621.3374)
Time: Fri Apr  5 23:11:41 2024 SE Asia Standard Time elapsed time: 38.371535 seconds (0d 0h 0m 38s)

---------------  T H R E A D  ---------------

Current thread (0x0000029b535d2ee0):  JavaThread "C2 CompilerThread0" daemon [_thread_in_native, id=31800, stack(0x000000c40fc00000,0x000000c40fd00000)]


Current CompileTask:
C2:  38371 7415       4       org.gradle.internal.component.external.model.DefaultConfigurationMetadata::getAttributes (28 bytes)

Stack: [0x000000c40fc00000,0x000000c40fd00000]
Native frames: (J=compiled Java code, j=interpreted, Vv=VM code, C=native code)
V  [jvm.dll+0x677d0a]
V  [jvm.dll+0x7d8c54]
V  [jvm.dll+0x7da3fe]
V  [jvm.dll+0x7daa63]
V  [jvm.dll+0x245c5f]
V  [jvm.dll+0xaaa6b]
V  [jvm.dll+0xab00c]
V  [jvm.dll+0x361e3f]
V  [jvm.dll+0x32c551]
V  [jvm.dll+0x32b9ea]
V  [jvm.dll+0x217fff]
V  [jvm.dll+0x217431]
V  [jvm.dll+0x1a3af0]
V  [jvm.dll+0x2270be]
V  [jvm.dll+0x22535b]
V  [jvm.dll+0x78e7bc]
V  [jvm.dll+0x788bba]
V  [jvm.dll+0x676b35]
C  [ucrtbase.dll+0x29333]
C  [KERNEL32.DLL+0x1257d]
C  [ntdll.dll+0x5aa48]


---------------  P R O C E S S  ---------------

Threads class SMR info:
_java_thread_list=0x0000029b75075940, length=62, elements={
0x0000029b353aa6d0, 0x0000029b535b2ae0, 0x0000029b535b3690, 0x0000029b535c7580,
0x0000029b535c8540, 0x0000029b535cb100, 0x0000029b535cdac0, 0x0000029b535d2ee0,
0x0000029b535d3980, 0x0000029b535e7920, 0x0000029b537d5a00, 0x0000029b5393cde0,
0x0000029b747d0480, 0x0000029b73a53c40, 0x0000029b744954a0, 0x0000029b7425b190,
0x0000029b74554730, 0x0000029b7425df30, 0x0000029b73d143f0, 0x0000029b746dd030,
0x0000029b746dc690, 0x0000029b746dd500, 0x0000029b746db350, 0x0000029b746da4e0,
0x0000029b746dc1c0, 0x0000029b746dcb60, 0x0000029b746dbcf0, 0x0000029b746dae80,
0x0000029b746db820, 0x0000029b746d9b40, 0x0000029b746da9b0, 0x0000029b74c55b40,
0x0000029b74c52180, 0x0000029b74c57350, 0x0000029b74c51cb0, 0x0000029b74c56e80,
0x0000029b74c50e40, 0x0000029b74c52b20, 0x0000029b74c569b0, 0x0000029b74c52ff0,
0x0000029b74c517e0, 0x0000029b74c57820, 0x0000029b74c57cf0, 0x0000029b74c55670,
0x0000029b74c53990, 0x0000029b74c53e60, 0x0000029b74c551a0, 0x0000029b74c56010,
0x0000029b74c564e0, 0x0000029b74c581c0, 0x0000029b74ddd6c0, 0x0000029b74dd8020,
0x0000029b74dda1d0, 0x0000029b74ddab70, 0x0000029b74ddf3a0, 0x0000029b74dda6a0,
0x0000029b74ddc380, 0x0000029b74ddea00, 0x0000029b74ddeed0, 0x0000029b74ddb040,
0x0000029b74ddb510, 0x0000029b74ddf870
}

Java Threads: ( => current thread )
  0x0000029b353aa6d0 JavaThread "main" [_thread_blocked, id=1776, stack(0x000000c40ef00000,0x000000c40f000000)]
  0x0000029b535b2ae0 JavaThread "Reference Handler" daemon [_thread_blocked, id=12164, stack(0x000000c40f600000,0x000000c40f700000)]
  0x0000029b535b3690 JavaThread "Finalizer" daemon [_thread_blocked, id=32668, stack(0x000000c40f700000,0x000000c40f800000)]
  0x0000029b535c7580 JavaThread "Signal Dispatcher" daemon [_thread_blocked, id=30792, stack(0x000000c40f800000,0x000000c40f900000)]
  0x0000029b535c8540 JavaThread "Attach Listener" daemon [_thread_blocked, id=11224, stack(0x000000c40f900000,0x000000c40fa00000)]
  0x0000029b535cb100 JavaThread "Service Thread" daemon [_thread_blocked, id=14728, stack(0x000000c40fa00000,0x000000c40fb00000)]
  0x0000029b535cdac0 JavaThread "Monitor Deflation Thread" daemon [_thread_blocked, id=19080, stack(0x000000c40fb00000,0x000000c40fc00000)]
=>0x0000029b535d2ee0 JavaThread "C2 CompilerThread0" daemon [_thread_in_native, id=31800, stack(0x000000c40fc00000,0x000000c40fd00000)]
  0x0000029b535d3980 JavaThread "C1 CompilerThread0" daemon [_thread_blocked, id=32272, stack(0x000000c40fd00000,0x000000c40fe00000)]
  0x0000029b535e7920 JavaThread "Sweeper thread" daemon [_thread_blocked, id=31996, stack(0x000000c40fe00000,0x000000c40ff00000)]
  0x0000029b537d5a00 JavaThread "Common-Cleaner" daemon [_thread_blocked, id=8476, stack(0x000000c40ff00000,0x000000c410000000)]
  0x0000029b5393cde0 JavaThread "Notification Thread" daemon [_thread_blocked, id=28620, stack(0x000000c410000000,0x000000c410100000)]
  0x0000029b747d0480 JavaThread "Daemon health stats" [_thread_blocked, id=14184, stack(0x000000c410600000,0x000000c410700000)]
  0x0000029b73a53c40 JavaThread "Incoming local TCP Connector on port 56436" [_thread_in_native, id=31648, stack(0x000000c410700000,0x000000c410800000)]
  0x0000029b744954a0 JavaThread "Daemon periodic checks" [_thread_blocked, id=18728, stack(0x000000c410800000,0x000000c410900000)]
  0x0000029b7425b190 JavaThread "Daemon" [_thread_blocked, id=14216, stack(0x000000c410900000,0x000000c410a00000)]
  0x0000029b74554730 JavaThread "Handler for socket connection from /127.0.0.1:56436 to /127.0.0.1:56437" [_thread_in_native, id=23220, stack(0x000000c410a00000,0x000000c410b00000)]
  0x0000029b7425df30 JavaThread "Cancel handler" [_thread_blocked, id=31272, stack(0x000000c410b00000,0x000000c410c00000)]
  0x0000029b73d143f0 JavaThread "Daemon worker" [_thread_blocked, id=4000, stack(0x000000c410c00000,0x000000c410d00000)]
  0x0000029b746dd030 JavaThread "Asynchronous log dispatcher for DefaultDaemonConnection: socket connection from /127.0.0.1:56436 to /127.0.0.1:56437" [_thread_blocked, id=31832, stack(0x000000c410d00000,0x000000c410e00000)]
  0x0000029b746dc690 JavaThread "Stdin handler" [_thread_blocked, id=23532, stack(0x000000c410e00000,0x000000c410f00000)]
  0x0000029b746dd500 JavaThread "Daemon client event forwarder" [_thread_blocked, id=20352, stack(0x000000c410f00000,0x000000c411000000)]
  0x0000029b746db350 JavaThread "Cache worker for journal cache (C:\Users\Lenovo\.gradle\caches\journal-1)" [_thread_blocked, id=1128, stack(0x000000c411000000,0x000000c411100000)]
  0x0000029b746da4e0 JavaThread "File lock request listener" [_thread_in_native, id=31724, stack(0x000000c411100000,0x000000c411200000)]
  0x0000029b746dc1c0 JavaThread "Cache worker for file hash cache (C:\Users\Lenovo\.gradle\caches\8.3\fileHashes)" [_thread_blocked, id=3444, stack(0x000000c411200000,0x000000c411300000)]
  0x0000029b746dcb60 JavaThread "File watcher server" daemon [_thread_in_native, id=30120, stack(0x000000c411600000,0x000000c411700000)]
  0x0000029b746dbcf0 JavaThread "File watcher consumer" daemon [_thread_blocked, id=22568, stack(0x000000c411700000,0x000000c411800000)]
  0x0000029b746dae80 JavaThread "Cache worker for checksums cache (D:\TLCN\app_dat_phong_khach_san\client\android\.gradle\8.3\checksums)" [_thread_blocked, id=20752, stack(0x000000c411800000,0x000000c411900000)]
  0x0000029b746db820 JavaThread "Cache worker for file hash cache (D:\TLCN\app_dat_phong_khach_san\client\android\.gradle\8.3\fileHashes)" [_thread_blocked, id=10560, stack(0x000000c411900000,0x000000c411a00000)]
  0x0000029b746d9b40 JavaThread "Cache worker for cache directory md-supplier (C:\Users\Lenovo\.gradle\caches\8.3\md-supplier)" [_thread_blocked, id=19912, stack(0x000000c411a00000,0x000000c411b00000)]
  0x0000029b746da9b0 JavaThread "Cache worker for file content cache (C:\Users\Lenovo\.gradle\caches\8.3\fileContent)" [_thread_blocked, id=31712, stack(0x000000c411b00000,0x000000c411c00000)]
  0x0000029b74c55b40 JavaThread "Cache worker for cache directory md-rule (C:\Users\Lenovo\.gradle\caches\8.3\md-rule)" [_thread_blocked, id=32500, stack(0x000000c411d00000,0x000000c411e00000)]
  0x0000029b74c52180 JavaThread "Cache worker for execution history cache (C:\Users\Lenovo\.gradle\caches\8.3\executionHistory)" [_thread_blocked, id=31632, stack(0x000000c411e00000,0x000000c411f00000)]
  0x0000029b74c57350 JavaThread "jar transforms" [_thread_blocked, id=26368, stack(0x000000c411f00000,0x000000c412000000)]
  0x0000029b74c51cb0 JavaThread "jar transforms Thread 2" [_thread_blocked, id=30976, stack(0x000000c412000000,0x000000c412100000)]
  0x0000029b74c56e80 JavaThread "jar transforms Thread 3" [_thread_blocked, id=31292, stack(0x000000c412100000,0x000000c412200000)]
  0x0000029b74c50e40 JavaThread "jar transforms Thread 4" [_thread_blocked, id=3304, stack(0x000000c412200000,0x000000c412300000)]
  0x0000029b74c52b20 JavaThread "Cache worker for kotlin-dsl (C:\Users\Lenovo\.gradle\caches\8.3\kotlin-dsl)" [_thread_blocked, id=25152, stack(0x000000c412300000,0x000000c412400000)]
  0x0000029b74c569b0 JavaThread "jar transforms Thread 5" [_thread_blocked, id=32236, stack(0x000000c412400000,0x000000c412500000)]
  0x0000029b74c52ff0 JavaThread "jar transforms Thread 6" [_thread_blocked, id=22676, stack(0x000000c412500000,0x000000c412600000)]
  0x0000029b74c517e0 JavaThread "Unconstrained build operations" [_thread_blocked, id=32504, stack(0x000000c412600000,0x000000c412700000)]
  0x0000029b74c57820 JavaThread "Unconstrained build operations Thread 2" [_thread_blocked, id=30972, stack(0x000000c412700000,0x000000c412800000)]
  0x0000029b74c57cf0 JavaThread "jar transforms Thread 7" [_thread_blocked, id=32088, stack(0x000000c412800000,0x000000c412900000)]
  0x0000029b74c55670 JavaThread "jar transforms Thread 8" [_thread_blocked, id=16876, stack(0x000000c412900000,0x000000c412a00000)]
  0x0000029b74c53990 JavaThread "Cache worker for dependencies-accessors (D:\TLCN\app_dat_phong_khach_san\client\android\.gradle\8.3\dependencies-accessors)" [_thread_blocked, id=23648, stack(0x000000c412a00000,0x000000c412b00000)]
  0x0000029b74c53e60 JavaThread "Cache worker for Build Output Cleanup Cache (D:\TLCN\app_dat_phong_khach_san\client\node_modules\@react-native\gradle-plugin\.gradle\buildOutputCleanup)" [_thread_blocked, id=32408, stack(0x000000c412d00000,0x000000c412e00000)]
  0x0000029b74c551a0 JavaThread "Unconstrained build operations Thread 3" [_thread_blocked, id=30736, stack(0x000000c412e00000,0x000000c412f00000)]
  0x0000029b74c56010 JavaThread "Unconstrained build operations Thread 4" [_thread_blocked, id=31216, stack(0x000000c412f00000,0x000000c413000000)]
  0x0000029b74c564e0 JavaThread "Unconstrained build operations Thread 5" [_thread_blocked, id=2472, stack(0x000000c413000000,0x000000c413100000)]
  0x0000029b74c581c0 JavaThread "Unconstrained build operations Thread 6" [_thread_blocked, id=11016, stack(0x000000c413100000,0x000000c413200000)]
  0x0000029b74ddd6c0 JavaThread "Unconstrained build operations Thread 7" [_thread_blocked, id=31620, stack(0x000000c413200000,0x000000c413300000)]
  0x0000029b74dd8020 JavaThread "Unconstrained build operations Thread 8" [_thread_blocked, id=32664, stack(0x000000c413300000,0x000000c413400000)]
  0x0000029b74dda1d0 JavaThread "Unconstrained build operations Thread 9" [_thread_blocked, id=19256, stack(0x000000c413400000,0x000000c413500000)]
  0x0000029b74ddab70 JavaThread "Memory manager" [_thread_blocked, id=16760, stack(0x000000c413500000,0x000000c413600000)]
  0x0000029b74ddf3a0 JavaThread "Cache worker for Build Output Cleanup Cache (D:\TLCN\app_dat_phong_khach_san\client\android\.gradle\buildOutputCleanup)" [_thread_blocked, id=11788, stack(0x000000c413600000,0x000000c413700000)]
  0x0000029b74dda6a0 JavaThread "ForkJoinPool.commonPool-worker-1" daemon [_thread_blocked, id=23580, stack(0x000000c413700000,0x000000c413800000)]
  0x0000029b74ddc380 JavaThread "ForkJoinPool.commonPool-worker-3" daemon [_thread_blocked, id=13064, stack(0x000000c413900000,0x000000c413a00000)]
  0x0000029b74ddea00 JavaThread "ForkJoinPool.commonPool-worker-5" daemon [_thread_blocked, id=32568, stack(0x000000c413a00000,0x000000c413b00000)]
  0x0000029b74ddeed0 JavaThread "ForkJoinPool.commonPool-worker-6" daemon [_thread_blocked, id=13436, stack(0x000000c413b00000,0x000000c413c00000)]
  0x0000029b74ddb040 JavaThread "ForkJoinPool.commonPool-worker-7" daemon [_thread_blocked, id=22588, stack(0x000000c413c00000,0x000000c413d00000)]
  0x0000029b74ddb510 JavaThread "ForkJoinPool.commonPool-worker-8" daemon [_thread_blocked, id=4648, stack(0x000000c413d00000,0x000000c413e00000)]
  0x0000029b74ddf870 JavaThread "ForkJoinPool.commonPool-worker-9" daemon [_thread_blocked, id=15548, stack(0x000000c413e00000,0x000000c413f00000)]

Other Threads:
  0x0000029b535ad010 VMThread "VM Thread" [stack: 0x000000c40f500000,0x000000c40f600000] [id=25964]
  0x0000029b35435250 WatcherThread [stack: 0x000000c410100000,0x000000c410200000] [id=22552]
  0x0000029b35404c30 GCTaskThread "GC Thread#0" [stack: 0x000000c40f000000,0x000000c40f100000] [id=16032]
  0x0000029b7358fbc0 GCTaskThread "GC Thread#1" [stack: 0x000000c410200000,0x000000c410300000] [id=19016]
  0x0000029b73724640 GCTaskThread "GC Thread#2" [stack: 0x000000c410300000,0x000000c410400000] [id=22152]
  0x0000029b73697540 GCTaskThread "GC Thread#3" [stack: 0x000000c410400000,0x000000c410500000] [id=19896]
  0x0000029b736977f0 GCTaskThread "GC Thread#4" [stack: 0x000000c410500000,0x000000c410600000] [id=25692]
  0x0000029b7485a7c0 GCTaskThread "GC Thread#5" [stack: 0x000000c411300000,0x000000c411400000] [id=17756]
  0x0000029b73721fd0 GCTaskThread "GC Thread#6" [stack: 0x000000c411400000,0x000000c411500000] [id=31612]
  0x0000029b749c0d80 GCTaskThread "GC Thread#7" [stack: 0x000000c411500000,0x000000c411600000] [id=32692]
  0x0000029b35416180 ConcurrentGCThread "G1 Main Marker" [stack: 0x000000c40f100000,0x000000c40f200000] [id=1936]
  0x0000029b35418340 ConcurrentGCThread "G1 Conc#0" [stack: 0x000000c40f200000,0x000000c40f300000] [id=31304]
  0x0000029b74be7f60 ConcurrentGCThread "G1 Conc#1" [stack: 0x000000c411c00000,0x000000c411d00000] [id=11844]
  0x0000029b3546da00 ConcurrentGCThread "G1 Refine#0" [stack: 0x000000c40f300000,0x000000c40f400000] [id=13264]
  0x0000029b3546e420 ConcurrentGCThread "G1 Service" [stack: 0x000000c40f400000,0x000000c40f500000] [id=20288]

Threads with active compile tasks:
C2 CompilerThread0    38474 7415       4       org.gradle.internal.component.external.model.DefaultConfigurationMetadata::getAttributes (28 bytes)

VM state: not at safepoint (normal execution)

VM Mutex/Monitor currently owned by a thread: None

OutOfMemory and StackOverflow Exception counts:
OutOfMemoryError java_heap_errors=1
LinkageErrors=126

Heap address: 0x0000000080000000, size: 2048 MB, Compressed Oops mode: 32-bit

CDS archive(s) mapped at: [0x0000029b54000000-0x0000029b54bd0000-0x0000029b54bd0000), size 12386304, SharedBaseAddress: 0x0000029b54000000, ArchiveRelocationMode: 1.
Compressed class space mapped at: 0x0000029b55000000-0x0000029b6f000000, reserved size: 436207616
Narrow klass base: 0x0000029b54000000, Narrow klass shift: 0, Narrow klass range: 0x100000000

GC Precious Log:
 CPUs: 8 total, 8 available
 Memory: 7934M
 Large Page Support: Disabled
 NUMA Support: Disabled
 Compressed Oops: Enabled (32-bit)
 Heap Region Size: 1M
 Heap Min Capacity: 8M
 Heap Initial Capacity: 124M
 Heap Max Capacity: 2G
 Pre-touch: Disabled
 Parallel Workers: 8
 Concurrent Workers: 2
 Concurrent Refinement Workers: 8
 Periodic GC: Disabled

Heap:
 garbage-first heap   total 112640K, used 81419K [0x0000000080000000, 0x0000000100000000)
  region size 1024K, 22 young (22528K), 4 survivors (4096K)
 Metaspace       used 62972K, committed 63616K, reserved 491520K
  class space    used 8912K, committed 9216K, reserved 425984K

Heap Regions: E=young(eden), S=young(survivor), O=old, HS=humongous(starts), HC=humongous(continues), CS=collection set, F=free, OA=open archive, CA=closed archive, TAMS=top-at-mark-start (previous, next)
|   0|0x0000000080000000, 0x0000000080100000, 0x0000000080100000|100%|HS|  |TAMS 0x0000000080100000, 0x0000000080000000| Complete 
|   1|0x0000000080100000, 0x0000000080200000, 0x0000000080200000|100%|HC|  |TAMS 0x0000000080200000, 0x0000000080100000| Complete 
|   2|0x0000000080200000, 0x0000000080300000, 0x0000000080300000|100%|HC|  |TAMS 0x0000000080300000, 0x0000000080200000| Complete 
|   3|0x0000000080300000, 0x0000000080400000, 0x0000000080400000|100%|HC|  |TAMS 0x0000000080400000, 0x0000000080300000| Complete 
|   4|0x0000000080400000, 0x0000000080500000, 0x0000000080500000|100%| O|  |TAMS 0x0000000080500000, 0x0000000080400000| Untracked 
|   5|0x0000000080500000, 0x0000000080600000, 0x0000000080600000|100%| O|  |TAMS 0x0000000080600000, 0x0000000080500000| Untracked 
|   6|0x0000000080600000, 0x0000000080700000, 0x0000000080700000|100%| O|  |TAMS 0x0000000080700000, 0x0000000080600000| Untracked 
|   7|0x0000000080700000, 0x0000000080800000, 0x0000000080800000|100%| O|  |TAMS 0x0000000080800000, 0x0000000080700000| Untracked 
|   8|0x0000000080800000, 0x0000000080900000, 0x0000000080900000|100%| O|  |TAMS 0x0000000080900000, 0x0000000080800000| Untracked 
|   9|0x0000000080900000, 0x0000000080a00000, 0x0000000080a00000|100%| O|  |TAMS 0x0000000080a00000, 0x0000000080900000| Untracked 
|  10|0x0000000080a00000, 0x0000000080b00000, 0x0000000080b00000|100%| O|  |TAMS 0x0000000080b00000, 0x0000000080a00000| Untracked 
|  11|0x0000000080b00000, 0x0000000080c00000, 0x0000000080c00000|100%| O|  |TAMS 0x0000000080c00000, 0x0000000080b00000| Untracked 
|  12|0x0000000080c00000, 0x0000000080d00000, 0x0000000080d00000|100%| O|  |TAMS 0x0000000080d00000, 0x0000000080c00000| Untracked 
|  13|0x0000000080d00000, 0x0000000080e00000, 0x0000000080e00000|100%| O|  |TAMS 0x0000000080e00000, 0x0000000080d00000| Untracked 
|  14|0x0000000080e00000, 0x0000000080f00000, 0x0000000080f00000|100%| O|  |TAMS 0x0000000080f00000, 0x0000000080e00000| Untracked 
|  15|0x0000000080f00000, 0x0000000081000000, 0x0000000081000000|100%| O|  |TAMS 0x0000000081000000, 0x0000000080f00000| Untracked 
|  16|0x0000000081000000, 0x0000000081100000, 0x0000000081100000|100%| O|  |TAMS 0x0000000081100000, 0x0000000081000000| Untracked 
|  17|0x0000000081100000, 0x0000000081200000, 0x0000000081200000|100%| O|  |TAMS 0x0000000081200000, 0x0000000081100000| Untracked 
|  18|0x0000000081200000, 0x0000000081300000, 0x0000000081300000|100%| O|  |TAMS 0x0000000081300000, 0x0000000081200000| Untracked 
|  19|0x0000000081300000, 0x0000000081400000, 0x0000000081400000|100%| O|  |TAMS 0x0000000081400000, 0x0000000081300000| Untracked 
|  20|0x0000000081400000, 0x0000000081411200, 0x0000000081500000|  6%| O|  |TAMS 0x0000000081411200, 0x0000000081400000| Untracked 
|  21|0x0000000081500000, 0x0000000081600000, 0x0000000081600000|100%| O|  |TAMS 0x0000000081600000, 0x0000000081500000| Untracked 
|  22|0x0000000081600000, 0x0000000081700000, 0x0000000081700000|100%| O|  |TAMS 0x0000000081700000, 0x0000000081600000| Untracked 
|  23|0x0000000081700000, 0x0000000081800000, 0x0000000081800000|100%| O|  |TAMS 0x0000000081800000, 0x0000000081700000| Untracked 
|  24|0x0000000081800000, 0x0000000081900000, 0x0000000081900000|100%| O|  |TAMS 0x0000000081900000, 0x0000000081800000| Untracked 
|  25|0x0000000081900000, 0x0000000081a00000, 0x0000000081a00000|100%| O|  |TAMS 0x0000000081a00000, 0x0000000081900000| Untracked 
|  26|0x0000000081a00000, 0x0000000081b00000, 0x0000000081b00000|100%| O|  |TAMS 0x0000000081b00000, 0x0000000081a00000| Untracked 
|  27|0x0000000081b00000, 0x0000000081c00000, 0x0000000081c00000|100%| O|  |TAMS 0x0000000081c00000, 0x0000000081b00000| Untracked 
|  28|0x0000000081c00000, 0x0000000081d00000, 0x0000000081d00000|100%| O|  |TAMS 0x0000000081d00000, 0x0000000081c00000| Untracked 
|  29|0x0000000081d00000, 0x0000000081e00000, 0x0000000081e00000|100%| O|  |TAMS 0x0000000081e00000, 0x0000000081d00000| Untracked 
|  30|0x0000000081e00000, 0x0000000081f00000, 0x0000000081f00000|100%|HS|  |TAMS 0x0000000081f00000, 0x0000000081e00000| Complete 
|  31|0x0000000081f00000, 0x0000000082000000, 0x0000000082000000|100%|HC|  |TAMS 0x0000000082000000, 0x0000000081f00000| Complete 
|  32|0x0000000082000000, 0x0000000082100000, 0x0000000082100000|100%| O|  |TAMS 0x0000000082100000, 0x0000000082000000| Untracked 
|  33|0x0000000082100000, 0x0000000082200000, 0x0000000082200000|100%| O|  |TAMS 0x0000000082200000, 0x0000000082100000| Untracked 
|  34|0x0000000082200000, 0x0000000082300000, 0x0000000082300000|100%| O|  |TAMS 0x0000000082300000, 0x0000000082200000| Untracked 
|  35|0x0000000082300000, 0x0000000082400000, 0x0000000082400000|100%| O|  |TAMS 0x0000000082400000, 0x0000000082300000| Untracked 
|  36|0x0000000082400000, 0x0000000082500000, 0x0000000082500000|100%| O|  |TAMS 0x0000000082500000, 0x0000000082400000| Untracked 
|  37|0x0000000082500000, 0x0000000082600000, 0x0000000082600000|100%| O|  |TAMS 0x0000000082600000, 0x0000000082500000| Untracked 
|  38|0x0000000082600000, 0x0000000082700000, 0x0000000082700000|100%| O|  |TAMS 0x0000000082700000, 0x0000000082600000| Untracked 
|  39|0x0000000082700000, 0x0000000082800000, 0x0000000082800000|100%|HS|  |TAMS 0x0000000082800000, 0x0000000082700000| Complete 
|  40|0x0000000082800000, 0x0000000082900000, 0x0000000082900000|100%|HC|  |TAMS 0x0000000082900000, 0x0000000082800000| Complete 
|  41|0x0000000082900000, 0x0000000082a00000, 0x0000000082a00000|100%| O|  |TAMS 0x0000000082a00000, 0x0000000082900000| Untracked 
|  42|0x0000000082a00000, 0x0000000082b00000, 0x0000000082b00000|100%| O|  |TAMS 0x0000000082b00000, 0x0000000082a00000| Untracked 
|  43|0x0000000082b00000, 0x0000000082c00000, 0x0000000082c00000|100%|HS|  |TAMS 0x0000000082c00000, 0x0000000082b00000| Complete 
|  44|0x0000000082c00000, 0x0000000082d00000, 0x0000000082d00000|100%|HC|  |TAMS 0x0000000082d00000, 0x0000000082c00000| Complete 
|  45|0x0000000082d00000, 0x0000000082e00000, 0x0000000082e00000|100%|HC|  |TAMS 0x0000000082e00000, 0x0000000082d00000| Complete 
|  46|0x0000000082e00000, 0x0000000082f00000, 0x0000000082f00000|100%|HC|  |TAMS 0x0000000082f00000, 0x0000000082e00000| Complete 
|  47|0x0000000082f00000, 0x0000000083000000, 0x0000000083000000|100%| O|  |TAMS 0x0000000083000000, 0x0000000082f00000| Untracked 
|  48|0x0000000083000000, 0x0000000083100000, 0x0000000083100000|100%| O|  |TAMS 0x0000000083100000, 0x0000000083000000| Untracked 
|  49|0x0000000083100000, 0x0000000083200000, 0x0000000083200000|100%| O|  |TAMS 0x0000000083200000, 0x0000000083100000| Untracked 
|  50|0x0000000083200000, 0x0000000083300000, 0x0000000083300000|100%| O|  |TAMS 0x0000000083300000, 0x0000000083200000| Untracked 
|  51|0x0000000083300000, 0x0000000083400000, 0x0000000083400000|100%| O|  |TAMS 0x0000000083400000, 0x0000000083300000| Untracked 
|  52|0x0000000083400000, 0x0000000083500000, 0x0000000083500000|100%|HS|  |TAMS 0x0000000083500000, 0x0000000083400000| Complete 
|  53|0x0000000083500000, 0x0000000083600000, 0x0000000083600000|100%|HC|  |TAMS 0x0000000083600000, 0x0000000083500000| Complete 
|  54|0x0000000083600000, 0x0000000083700000, 0x0000000083700000|100%|HC|  |TAMS 0x0000000083700000, 0x0000000083600000| Complete 
|  55|0x0000000083700000, 0x0000000083800000, 0x0000000083800000|100%|HC|  |TAMS 0x0000000083800000, 0x0000000083700000| Complete 
|  56|0x0000000083800000, 0x0000000083900000, 0x0000000083900000|100%| O|  |TAMS 0x0000000083900000, 0x0000000083800000| Untracked 
|  57|0x0000000083900000, 0x0000000083a00000, 0x0000000083a00000|100%| O|  |TAMS 0x00000000839a8a00, 0x0000000083900000| Untracked 
|  58|0x0000000083a00000, 0x0000000083b00000, 0x0000000083b00000|100%| O|  |TAMS 0x0000000083a00000, 0x0000000083a00000| Untracked 
|  59|0x0000000083b00000, 0x0000000083c00000, 0x0000000083c00000|100%| O|  |TAMS 0x0000000083b00000, 0x0000000083b00000| Untracked 
|  60|0x0000000083c00000, 0x0000000083c5da00, 0x0000000083d00000| 36%| O|  |TAMS 0x0000000083c00000, 0x0000000083c00000| Untracked 
|  61|0x0000000083d00000, 0x0000000083d00000, 0x0000000083e00000|  0%| F|  |TAMS 0x0000000083d00000, 0x0000000083d00000| Untracked 
|  62|0x0000000083e00000, 0x0000000083e00000, 0x0000000083f00000|  0%| F|  |TAMS 0x0000000083e00000, 0x0000000083e00000| Untracked 
|  63|0x0000000083f00000, 0x0000000083f00000, 0x0000000084000000|  0%| F|  |TAMS 0x0000000083f00000, 0x0000000083f00000| Untracked 
|  64|0x0000000084000000, 0x0000000084000000, 0x0000000084100000|  0%| F|  |TAMS 0x0000000084000000, 0x0000000084000000| Untracked 
|  65|0x0000000084100000, 0x0000000084100000, 0x0000000084200000|  0%| F|  |TAMS 0x0000000084100000, 0x0000000084100000| Untracked 
|  66|0x0000000084200000, 0x0000000084200000, 0x0000000084300000|  0%| F|  |TAMS 0x0000000084200000, 0x0000000084200000| Untracked 
|  67|0x0000000084300000, 0x0000000084300000, 0x0000000084400000|  0%| F|  |TAMS 0x0000000084300000, 0x0000000084300000| Untracked 
|  68|0x0000000084400000, 0x0000000084400000, 0x0000000084500000|  0%| F|  |TAMS 0x0000000084400000, 0x0000000084400000| Untracked 
|  69|0x0000000084500000, 0x0000000084500000, 0x0000000084600000|  0%| F|  |TAMS 0x0000000084500000, 0x0000000084500000| Untracked 
|  70|0x0000000084600000, 0x0000000084600000, 0x0000000084700000|  0%| F|  |TAMS 0x0000000084600000, 0x0000000084600000| Untracked 
|  71|0x0000000084700000, 0x0000000084700000, 0x0000000084800000|  0%| F|  |TAMS 0x0000000084700000, 0x0000000084700000| Untracked 
|  72|0x0000000084800000, 0x0000000084800000, 0x0000000084900000|  0%| F|  |TAMS 0x0000000084800000, 0x0000000084800000| Untracked 
|  73|0x0000000084900000, 0x0000000084900000, 0x0000000084a00000|  0%| F|  |TAMS 0x0000000084900000, 0x0000000084900000| Untracked 
|  74|0x0000000084a00000, 0x0000000084a00000, 0x0000000084b00000|  0%| F|  |TAMS 0x0000000084a00000, 0x0000000084a00000| Untracked 
|  75|0x0000000084b00000, 0x0000000084b00000, 0x0000000084c00000|  0%| F|  |TAMS 0x0000000084b00000, 0x0000000084b00000| Untracked 
|  76|0x0000000084c00000, 0x0000000084c00000, 0x0000000084d00000|  0%| F|  |TAMS 0x0000000084c00000, 0x0000000084c00000| Untracked 
|  77|0x0000000084d00000, 0x0000000084d00000, 0x0000000084e00000|  0%| F|  |TAMS 0x0000000084d00000, 0x0000000084d00000| Untracked 
|  78|0x0000000084e00000, 0x0000000084e00000, 0x0000000084f00000|  0%| F|  |TAMS 0x0000000084e00000, 0x0000000084e00000| Untracked 
|  79|0x0000000084f00000, 0x0000000084f00000, 0x0000000085000000|  0%| F|  |TAMS 0x0000000084f00000, 0x0000000084f00000| Untracked 
|  80|0x0000000085000000, 0x0000000085000000, 0x0000000085100000|  0%| F|  |TAMS 0x0000000085000000, 0x0000000085000000| Untracked 
|  81|0x0000000085100000, 0x0000000085114330, 0x0000000085200000|  7%| S|CS|TAMS 0x0000000085100000, 0x0000000085100000| Complete 
|  82|0x0000000085200000, 0x0000000085300000, 0x0000000085300000|100%| S|CS|TAMS 0x0000000085200000, 0x0000000085200000| Complete 
|  83|0x0000000085300000, 0x0000000085400000, 0x0000000085400000|100%| S|CS|TAMS 0x0000000085300000, 0x0000000085300000| Complete 
|  84|0x0000000085400000, 0x0000000085500000, 0x0000000085500000|100%| S|CS|TAMS 0x0000000085400000, 0x0000000085400000| Complete 
|  85|0x0000000085500000, 0x0000000085500000, 0x0000000085600000|  0%| F|  |TAMS 0x0000000085500000, 0x0000000085500000| Untracked 
|  86|0x0000000085600000, 0x0000000085600000, 0x0000000085700000|  0%| F|  |TAMS 0x0000000085600000, 0x0000000085600000| Untracked 
|  87|0x0000000085700000, 0x0000000085700000, 0x0000000085800000|  0%| F|  |TAMS 0x0000000085700000, 0x0000000085700000| Untracked 
|  88|0x0000000085800000, 0x0000000085800000, 0x0000000085900000|  0%| F|  |TAMS 0x0000000085800000, 0x0000000085800000| Untracked 
|  89|0x0000000085900000, 0x0000000085900000, 0x0000000085a00000|  0%| F|  |TAMS 0x0000000085900000, 0x0000000085900000| Untracked 
|  90|0x0000000085a00000, 0x0000000085a00000, 0x0000000085b00000|  0%| F|  |TAMS 0x0000000085a00000, 0x0000000085a00000| Untracked 
|  91|0x0000000085b00000, 0x0000000085b00000, 0x0000000085c00000|  0%| F|  |TAMS 0x0000000085b00000, 0x0000000085b00000| Untracked 
|  92|0x0000000085c00000, 0x0000000085c559c0, 0x0000000085d00000| 33%| E|  |TAMS 0x0000000085c00000, 0x0000000085c00000| Complete 
|  93|0x0000000085d00000, 0x0000000085e00000, 0x0000000085e00000|100%| E|CS|TAMS 0x0000000085d00000, 0x0000000085d00000| Complete 
|  94|0x0000000085e00000, 0x0000000085f00000, 0x0000000085f00000|100%| E|CS|TAMS 0x0000000085e00000, 0x0000000085e00000| Complete 
|  95|0x0000000085f00000, 0x0000000086000000, 0x0000000086000000|100%| E|CS|TAMS 0x0000000085f00000, 0x0000000085f00000| Complete 
|  96|0x0000000086000000, 0x0000000086100000, 0x0000000086100000|100%| E|CS|TAMS 0x0000000086000000, 0x0000000086000000| Complete 
|  97|0x0000000086100000, 0x0000000086200000, 0x0000000086200000|100%| E|CS|TAMS 0x0000000086100000, 0x0000000086100000| Complete 
|  98|0x0000000086200000, 0x0000000086300000, 0x0000000086300000|100%| E|CS|TAMS 0x0000000086200000, 0x0000000086200000| Complete 
|  99|0x0000000086300000, 0x0000000086400000, 0x0000000086400000|100%| E|CS|TAMS 0x0000000086300000, 0x0000000086300000| Complete 
| 100|0x0000000086400000, 0x0000000086500000, 0x0000000086500000|100%| E|CS|TAMS 0x0000000086400000, 0x0000000086400000| Complete 
| 101|0x0000000086500000, 0x0000000086600000, 0x0000000086600000|100%| E|CS|TAMS 0x0000000086500000, 0x0000000086500000| Complete 
| 102|0x0000000086600000, 0x0000000086700000, 0x0000000086700000|100%| E|CS|TAMS 0x0000000086600000, 0x0000000086600000| Complete 
| 103|0x0000000086700000, 0x0000000086800000, 0x0000000086800000|100%| E|CS|TAMS 0x0000000086700000, 0x0000000086700000| Complete 
| 104|0x0000000086800000, 0x0000000086900000, 0x0000000086900000|100%| E|CS|TAMS 0x0000000086800000, 0x0000000086800000| Complete 
| 105|0x0000000086900000, 0x0000000086a00000, 0x0000000086a00000|100%| E|CS|TAMS 0x0000000086900000, 0x0000000086900000| Complete 
| 106|0x0000000086a00000, 0x0000000086b00000, 0x0000000086b00000|100%| E|CS|TAMS 0x0000000086a00000, 0x0000000086a00000| Complete 
| 107|0x0000000086b00000, 0x0000000086c00000, 0x0000000086c00000|100%| E|CS|TAMS 0x0000000086b00000, 0x0000000086b00000| Complete 
| 108|0x0000000086c00000, 0x0000000086d00000, 0x0000000086d00000|100%| E|CS|TAMS 0x0000000086c00000, 0x0000000086c00000| Complete 
| 123|0x0000000087b00000, 0x0000000087c00000, 0x0000000087c00000|100%| E|CS|TAMS 0x0000000087b00000, 0x0000000087b00000| Complete 

Card table byte_map: [0x0000029b4c370000,0x0000029b4c770000] _byte_map_base: 0x0000029b4bf70000

Marking Bits (Prev, Next): (CMBitMap*) 0x0000029b35405240, (CMBitMap*) 0x0000029b35405280
 Prev Bits: [0x0000029b4cb70000, 0x0000029b4eb70000)
 Next Bits: [0x0000029b4eb70000, 0x0000029b50b70000)

Polling page: 0x0000029b33330000

Metaspace:

Usage:
  Non-class:     52.79 MB used.
      Class:      8.70 MB used.
       Both:     61.50 MB used.

Virtual space:
  Non-class space:       64.00 MB reserved,      53.12 MB ( 83%) committed,  1 nodes.
      Class space:      416.00 MB reserved,       9.00 MB (  2%) committed,  1 nodes.
             Both:      480.00 MB reserved,      62.12 MB ( 13%) committed. 

Chunk freelists:
   Non-Class:  10.52 MB
       Class:  7.01 MB
        Both:  17.53 MB

MaxMetaspaceSize: 512.00 MB
CompressedClassSpaceSize: 416.00 MB
Initial GC threshold: 21.00 MB
Current GC threshold: 99.19 MB
CDS: on
MetaspaceReclaimPolicy: balanced
 - commit_granule_bytes: 65536.
 - commit_granule_words: 8192.
 - virtual_space_node_default_size: 8388608.
 - enlarge_chunks_in_place: 1.
 - new_chunks_are_fully_committed: 0.
 - uncommit_free_chunks: 1.
 - use_allocation_guard: 0.
 - handle_deallocations: 1.


Internal statistics:

num_allocs_failed_limit: 6.
num_arena_births: 784.
num_arena_deaths: 0.
num_vsnodes_births: 2.
num_vsnodes_deaths: 0.
num_space_committed: 994.
num_space_uncommitted: 0.
num_chunks_returned_to_freelist: 6.
num_chunks_taken_from_freelist: 3357.
num_chunk_merges: 6.
num_chunk_splits: 2225.
num_chunks_enlarged: 1467.
num_purges: 0.
num_inconsistent_stats: 0.

CodeHeap 'non-profiled nmethods': size=120000Kb used=3188Kb max_used=3189Kb free=116811Kb
 bounds [0x0000029b44710000, 0x0000029b44a30000, 0x0000029b4bc40000]
CodeHeap 'profiled nmethods': size=120000Kb used=13149Kb max_used=13149Kb free=106850Kb
 bounds [0x0000029b3cc40000, 0x0000029b3d920000, 0x0000029b44170000]
CodeHeap 'non-nmethods': size=5760Kb used=2370Kb max_used=2410Kb free=3389Kb
 bounds [0x0000029b44170000, 0x0000029b443e0000, 0x0000029b44710000]
 total_blobs=7687 nmethods=6805 adapters=794
 compilation: enabled
              stopped_count=0, restarted_count=0
 full_count=0

Compilation events (20 events):
Event: 38.345 Thread 0x0000029b535d3980 7639       3       com.google.common.collect.MultimapBuilder$ArrayListSupplier::<init> (15 bytes)
Event: 38.345 Thread 0x0000029b535d3980 nmethod 7639 0x0000029b3d905110 code [0x0000029b3d9052c0, 0x0000029b3d905468]
Event: 38.345 Thread 0x0000029b535d3980 7640       3       com.google.common.collect.Multimaps::newListMultimap (10 bytes)
Event: 38.345 Thread 0x0000029b535d3980 nmethod 7640 0x0000029b3d905590 code [0x0000029b3d9057c0, 0x0000029b3d906088]
Event: 38.345 Thread 0x0000029b535d3980 7644       3       org.gradle.internal.reflect.annotations.impl.DefaultPropertyAnnotationMetadata::<init> (44 bytes)
Event: 38.347 Thread 0x0000029b535d3980 nmethod 7644 0x0000029b3d906390 code [0x0000029b3d906740, 0x0000029b3d908558]
Event: 38.348 Thread 0x0000029b535d3980 7641       3       com.google.common.collect.Multimaps$CustomListMultimap::<init> (17 bytes)
Event: 38.348 Thread 0x0000029b535d3980 nmethod 7641 0x0000029b3d908f10 code [0x0000029b3d909120, 0x0000029b3d909928]
Event: 38.348 Thread 0x0000029b535d3980 7649       1       org.gradle.internal.properties.annotations.AbstractPropertyAnnotationHandler::getAllowedModifiers (5 bytes)
Event: 38.348 Thread 0x0000029b535d3980 nmethod 7649 0x0000029b448a1710 code [0x0000029b448a18a0, 0x0000029b448a1978]
Event: 38.348 Thread 0x0000029b535d3980 7650       1       org.gradle.internal.properties.annotations.NoOpPropertyAnnotationHandler::isPropertyRelevant (2 bytes)
Event: 38.348 Thread 0x0000029b535d3980 nmethod 7650 0x0000029b448a1410 code [0x0000029b448a15a0, 0x0000029b448a1678]
Event: 38.348 Thread 0x0000029b535d3980 7646       1       org.gradle.internal.execution.model.annotations.ModifierAnnotationCategory::getDisplayName (5 bytes)
Event: 38.349 Thread 0x0000029b535d3980 nmethod 7646 0x0000029b448a1110 code [0x0000029b448a12a0, 0x0000029b448a1378]
Event: 38.349 Thread 0x0000029b535d3980 7651       1       java.lang.NamedPackage::packageName (5 bytes)
Event: 38.349 Thread 0x0000029b535d3980 nmethod 7651 0x0000029b448a0e10 code [0x0000029b448a0fa0, 0x0000029b448a1078]
Event: 38.349 Thread 0x0000029b535d3980 7648       1       org.gradle.internal.reflect.annotations.impl.DefaultTypeAnnotationMetadataStore::access$200 (5 bytes)
Event: 38.349 Thread 0x0000029b535d3980 nmethod 7648 0x0000029b448a0b10 code [0x0000029b448a0ca0, 0x0000029b448a0d58]
Event: 38.364 Thread 0x0000029b535d3980 7658       1       org.gradle.internal.io.StreamByteBuffer::access$000 (5 bytes)
Event: 38.365 Thread 0x0000029b535d3980 nmethod 7658 0x0000029b448a0210 code [0x0000029b448a03a0, 0x0000029b448a0458]

GC Heap History (20 events):
Event: 33.573 GC heap before
{Heap before GC invocations=13 (full 0):
 garbage-first heap   total 86016K, used 49903K [0x0000000080000000, 0x0000000100000000)
  region size 1024K, 14 young (14336K), 4 survivors (4096K)
 Metaspace       used 46419K, committed 47040K, reserved 491520K
  class space    used 6553K, committed 6848K, reserved 425984K
}
Event: 33.581 GC heap after
{Heap after GC invocations=14 (full 0):
 garbage-first heap   total 86016K, used 42218K [0x0000000080000000, 0x0000000100000000)
  region size 1024K, 4 young (4096K), 4 survivors (4096K)
 Metaspace       used 46419K, committed 47040K, reserved 491520K
  class space    used 6553K, committed 6848K, reserved 425984K
}
Event: 33.675 GC heap before
{Heap before GC invocations=15 (full 0):
 garbage-first heap   total 86016K, used 47338K [0x0000000080000000, 0x0000000100000000)
  region size 1024K, 8 young (8192K), 4 survivors (4096K)
 Metaspace       used 46528K, committed 47104K, reserved 491520K
  class space    used 6569K, committed 6848K, reserved 425984K
}
Event: 33.682 GC heap after
{Heap after GC invocations=16 (full 0):
 garbage-first heap   total 86016K, used 45102K [0x0000000080000000, 0x0000000100000000)
  region size 1024K, 3 young (3072K), 3 survivors (3072K)
 Metaspace       used 46528K, committed 47104K, reserved 491520K
  class space    used 6569K, committed 6848K, reserved 425984K
}
Event: 34.176 GC heap before
{Heap before GC invocations=17 (full 0):
 garbage-first heap   total 87040K, used 71726K [0x0000000080000000, 0x0000000100000000)
  region size 1024K, 25 young (25600K), 3 survivors (3072K)
 Metaspace       used 49166K, committed 49728K, reserved 491520K
  class space    used 6905K, committed 7168K, reserved 425984K
}
Event: 34.179 GC heap after
{Heap after GC invocations=18 (full 0):
 garbage-first heap   total 87040K, used 51439K [0x0000000080000000, 0x0000000100000000)
  region size 1024K, 4 young (4096K), 4 survivors (4096K)
 Metaspace       used 49166K, committed 49728K, reserved 491520K
  class space    used 6905K, committed 7168K, reserved 425984K
}
Event: 34.602 GC heap before
{Heap before GC invocations=18 (full 0):
 garbage-first heap   total 87040K, used 70895K [0x0000000080000000, 0x0000000100000000)
  region size 1024K, 23 young (23552K), 4 survivors (4096K)
 Metaspace       used 50947K, committed 51648K, reserved 491520K
  class space    used 7203K, committed 7552K, reserved 425984K
}
Event: 34.606 GC heap after
{Heap after GC invocations=19 (full 0):
 garbage-first heap   total 104448K, used 52634K [0x0000000080000000, 0x0000000100000000)
  region size 1024K, 1 young (1024K), 1 survivors (1024K)
 Metaspace       used 50947K, committed 51648K, reserved 491520K
  class space    used 7203K, committed 7552K, reserved 425984K
}
Event: 34.818 GC heap before
{Heap before GC invocations=20 (full 0):
 garbage-first heap   total 104448K, used 61850K [0x0000000080000000, 0x0000000100000000)
  region size 1024K, 11 young (11264K), 1 survivors (1024K)
 Metaspace       used 51853K, committed 52480K, reserved 491520K
  class space    used 7357K, committed 7680K, reserved 425984K
}
Event: 34.821 GC heap after
{Heap after GC invocations=21 (full 0):
 garbage-first heap   total 104448K, used 53086K [0x0000000080000000, 0x0000000100000000)
  region size 1024K, 2 young (2048K), 2 survivors (2048K)
 Metaspace       used 51853K, committed 52480K, reserved 491520K
  class space    used 7357K, committed 7680K, reserved 425984K
}
Event: 35.271 GC heap before
{Heap before GC invocations=22 (full 0):
 garbage-first heap   total 104448K, used 84830K [0x0000000080000000, 0x0000000100000000)
  region size 1024K, 29 young (29696K), 2 survivors (2048K)
 Metaspace       used 53811K, committed 54464K, reserved 491520K
  class space    used 7602K, committed 7936K, reserved 425984K
}
Event: 35.275 GC heap after
{Heap after GC invocations=23 (full 0):
 garbage-first heap   total 104448K, used 58315K [0x0000000080000000, 0x0000000100000000)
  region size 1024K, 3 young (3072K), 3 survivors (3072K)
 Metaspace       used 53811K, committed 54464K, reserved 491520K
  class space    used 7602K, committed 7936K, reserved 425984K
}
Event: 35.801 GC heap before
{Heap before GC invocations=23 (full 0):
 garbage-first heap   total 104448K, used 82891K [0x0000000080000000, 0x0000000100000000)
  region size 1024K, 28 young (28672K), 3 survivors (3072K)
 Metaspace       used 56251K, committed 56960K, reserved 491520K
  class space    used 7957K, committed 8320K, reserved 425984K
}
Event: 35.806 GC heap after
{Heap after GC invocations=24 (full 0):
 garbage-first heap   total 104448K, used 59458K [0x0000000080000000, 0x0000000100000000)
  region size 1024K, 3 young (3072K), 3 survivors (3072K)
 Metaspace       used 56251K, committed 56960K, reserved 491520K
  class space    used 7957K, committed 8320K, reserved 425984K
}
Event: 36.331 GC heap before
{Heap before GC invocations=25 (full 0):
 garbage-first heap   total 107520K, used 84034K [0x0000000080000000, 0x0000000100000000)
  region size 1024K, 28 young (28672K), 3 survivors (3072K)
 Metaspace       used 58438K, committed 59200K, reserved 491520K
  class space    used 8219K, committed 8576K, reserved 425984K
}
Event: 36.336 GC heap after
{Heap after GC invocations=26 (full 0):
 garbage-first heap   total 107520K, used 60951K [0x0000000080000000, 0x0000000100000000)
  region size 1024K, 3 young (3072K), 3 survivors (3072K)
 Metaspace       used 58438K, committed 59200K, reserved 491520K
  class space    used 8219K, committed 8576K, reserved 425984K
}
Event: 36.909 GC heap before
{Heap before GC invocations=26 (full 0):
 garbage-first heap   total 107520K, used 86551K [0x0000000080000000, 0x0000000100000000)
  region size 1024K, 29 young (29696K), 3 survivors (3072K)
 Metaspace       used 60136K, committed 60800K, reserved 491520K
  class space    used 8493K, committed 8832K, reserved 425984K
}
Event: 36.913 GC heap after
{Heap after GC invocations=27 (full 0):
 garbage-first heap   total 107520K, used 63095K [0x0000000080000000, 0x0000000100000000)
  region size 1024K, 4 young (4096K), 4 survivors (4096K)
 Metaspace       used 60136K, committed 60800K, reserved 491520K
  class space    used 8493K, committed 8832K, reserved 425984K
}
Event: 37.546 GC heap before
{Heap before GC invocations=28 (full 0):
 garbage-first heap   total 112640K, used 88695K [0x0000000080000000, 0x0000000100000000)
  region size 1024K, 29 young (29696K), 4 survivors (4096K)
 Metaspace       used 61986K, committed 62656K, reserved 491520K
  class space    used 8786K, committed 9088K, reserved 425984K
}
Event: 37.552 GC heap after
{Heap after GC invocations=29 (full 0):
 garbage-first heap   total 112640K, used 64011K [0x0000000080000000, 0x0000000100000000)
  region size 1024K, 4 young (4096K), 4 survivors (4096K)
 Metaspace       used 61986K, committed 62656K, reserved 491520K
  class space    used 8786K, committed 9088K, reserved 425984K
}

Deoptimization events (20 events):
Event: 38.268 Thread 0x0000029b73d143f0 Uncommon trap: trap_request=0xffffffbe fr.pc=0x0000029b449f17cc relative=0x0000000000000bcc
Event: 38.268 Thread 0x0000029b73d143f0 Uncommon trap: reason=profile_predicate action=maybe_recompile pc=0x0000029b449f17cc method=java.util.TreeMap.getEntryUsingComparator(Ljava/lang/Object;)Ljava/util/TreeMap$Entry; @ 19 c2
Event: 38.268 Thread 0x0000029b73d143f0 DEOPT PACKING pc=0x0000029b449f17cc sp=0x000000c410cf5a00
Event: 38.268 Thread 0x0000029b73d143f0 DEOPT UNPACKING pc=0x0000029b441c5ba3 sp=0x000000c410cf5920 mode 2
Event: 38.268 Thread 0x0000029b73d143f0 Uncommon trap: trap_request=0xffffffbe fr.pc=0x0000029b449f17cc relative=0x0000000000000bcc
Event: 38.268 Thread 0x0000029b73d143f0 Uncommon trap: reason=profile_predicate action=maybe_recompile pc=0x0000029b449f17cc method=java.util.TreeMap.getEntryUsingComparator(Ljava/lang/Object;)Ljava/util/TreeMap$Entry; @ 19 c2
Event: 38.268 Thread 0x0000029b73d143f0 DEOPT PACKING pc=0x0000029b449f17cc sp=0x000000c410cf5a00
Event: 38.268 Thread 0x0000029b73d143f0 DEOPT UNPACKING pc=0x0000029b441c5ba3 sp=0x000000c410cf5920 mode 2
Event: 38.343 Thread 0x0000029b73d143f0 Uncommon trap: trap_request=0xffffff45 fr.pc=0x0000029b44a1ea88 relative=0x00000000000002c8
Event: 38.343 Thread 0x0000029b73d143f0 Uncommon trap: reason=unstable_if action=reinterpret pc=0x0000029b44a1ea88 method=org.gradle.internal.reflect.PropertyAccessorType.isSetterName(Ljava/lang/String;)Z @ 14 c2
Event: 38.343 Thread 0x0000029b73d143f0 DEOPT PACKING pc=0x0000029b44a1ea88 sp=0x000000c410cf6870
Event: 38.343 Thread 0x0000029b73d143f0 DEOPT UNPACKING pc=0x0000029b441c5ba3 sp=0x000000c410cf67c8 mode 2
Event: 38.358 Thread 0x0000029b73d143f0 Uncommon trap: trap_request=0xffffff45 fr.pc=0x0000029b44989b7c relative=0x000000000000015c
Event: 38.358 Thread 0x0000029b73d143f0 Uncommon trap: reason=unstable_if action=reinterpret pc=0x0000029b44989b7c method=java.util.stream.AbstractPipeline.evaluate(Ljava/util/stream/TerminalOp;)Ljava/lang/Object; @ 53 c2
Event: 38.358 Thread 0x0000029b73d143f0 DEOPT PACKING pc=0x0000029b44989b7c sp=0x000000c410cf5cd0
Event: 38.358 Thread 0x0000029b73d143f0 DEOPT UNPACKING pc=0x0000029b441c5ba3 sp=0x000000c410cf5c90 mode 2
Event: 38.364 Thread 0x0000029b74ddcd20 Uncommon trap: trap_request=0xffffff45 fr.pc=0x0000029b44a23008 relative=0x0000000000000928
Event: 38.364 Thread 0x0000029b74ddcd20 Uncommon trap: reason=unstable_if action=reinterpret pc=0x0000029b44a23008 method=java.lang.ThreadLocal.get()Ljava/lang/Object; @ 11 c2
Event: 38.364 Thread 0x0000029b74ddcd20 DEOPT PACKING pc=0x0000029b44a23008 sp=0x000000c4138fee30
Event: 38.364 Thread 0x0000029b74ddcd20 DEOPT UNPACKING pc=0x0000029b441c5ba3 sp=0x000000c4138fee10 mode 2

Classes unloaded (0 events):
No events

Classes redefined (0 events):
No events

Internal exceptions (20 events):
Event: 36.757 Thread 0x0000029b73d143f0 Exception <a 'java/lang/ClassNotFoundException'{0x00000000855dae88}: org/gradle/api/internal/artifacts/dsl/DefaultRepositoryHandlerBeanInfo> (0x00000000855dae88) 
thrown [s\open\src\hotspot\share\classfile\systemDictionary.cpp, line 256]
Event: 36.759 Thread 0x0000029b73d143f0 Exception <a 'java/lang/ClassNotFoundException'{0x00000000855f1e90}: org/gradle/api/internal/artifacts/DefaultArtifactRepositoryContainerBeanInfo> (0x00000000855f1e90) 
thrown [s\open\src\hotspot\share\classfile\systemDictionary.cpp, line 256]
Event: 36.760 Thread 0x0000029b73d143f0 Exception <a 'java/lang/ClassNotFoundException'{0x00000000854062e0}: org/gradle/api/internal/DefaultNamedDomainObjectListBeanInfo> (0x00000000854062e0) 
thrown [s\open\src\hotspot\share\classfile\systemDictionary.cpp, line 256]
Event: 36.760 Thread 0x0000029b73d143f0 Exception <a 'java/lang/ClassNotFoundException'{0x000000008541a3b8}: org/gradle/api/internal/DefaultNamedDomainObjectCollectionBeanInfo> (0x000000008541a3b8) 
thrown [s\open\src\hotspot\share\classfile\systemDictionary.cpp, line 256]
Event: 36.761 Thread 0x0000029b73d143f0 Exception <a 'java/lang/ClassNotFoundException'{0x000000008542e338}: org/gradle/api/internal/DefaultDomainObjectCollectionBeanInfo> (0x000000008542e338) 
thrown [s\open\src\hotspot\share\classfile\systemDictionary.cpp, line 256]
Event: 36.762 Thread 0x0000029b73d143f0 Exception <a 'java/lang/ClassNotFoundException'{0x0000000085442388}: org/gradle/api/internal/DefaultDomainObjectCollectionCustomizer> (0x0000000085442388) 
thrown [s\open\src\hotspot\share\classfile\systemDictionary.cpp, line 256]
Event: 36.765 Thread 0x0000029b73d143f0 Exception <a 'java/lang/ClassNotFoundException'{0x00000000854767f8}: org/gradle/api/internal/DefaultNamedDomainObjectCollectionCustomizer> (0x00000000854767f8) 
thrown [s\open\src\hotspot\share\classfile\systemDictionary.cpp, line 256]
Event: 36.770 Thread 0x0000029b73d143f0 Exception <a 'java/lang/ClassNotFoundException'{0x00000000854b24d8}: org/gradle/api/internal/DefaultNamedDomainObjectListCustomizer> (0x00000000854b24d8) 
thrown [s\open\src\hotspot\share\classfile\systemDictionary.cpp, line 256]
Event: 36.772 Thread 0x0000029b73d143f0 Exception <a 'java/lang/ClassNotFoundException'{0x00000000854e3988}: org/gradle/api/internal/artifacts/DefaultArtifactRepositoryContainerCustomizer> (0x00000000854e3988) 
thrown [s\open\src\hotspot\share\classfile\systemDictionary.cpp, line 256]
Event: 36.775 Thread 0x0000029b73d143f0 Exception <a 'java/lang/ClassNotFoundException'{0x000000008530c9f8}: org/gradle/api/internal/artifacts/dsl/DefaultRepositoryHandlerCustomizer> (0x000000008530c9f8) 
thrown [s\open\src\hotspot\share\classfile\systemDictionary.cpp, line 256]
Event: 36.777 Thread 0x0000029b73d143f0 Exception <a 'java/lang/ClassNotFoundException'{0x00000000853430d0}: org/gradle/api/internal/artifacts/dsl/DefaultRepositoryHandler_DecoratedCustomizer> (0x00000000853430d0) 
thrown [s\open\src\hotspot\share\classfile\systemDictionary.cpp, line 256]
Event: 36.788 Thread 0x0000029b73d143f0 Exception <a 'java/lang/ClassNotFoundException'{0x00000000853dd618}: org/gradle/api/internal/artifacts/dsl/dependencies/DefaultDependencyHandler_DecoratedBeanInfo> (0x00000000853dd618) 
thrown [s\open\src\hotspot\share\classfile\systemDictionary.cpp, line 256]
Event: 36.789 Thread 0x0000029b73d143f0 Exception <a 'java/lang/ClassNotFoundException'{0x00000000853f4058}: org/gradle/api/internal/artifacts/dsl/dependencies/DefaultDependencyHandlerBeanInfo> (0x00000000853f4058) 
thrown [s\open\src\hotspot\share\classfile\systemDictionary.cpp, line 256]
Event: 36.789 Thread 0x0000029b73d143f0 Exception <a 'java/lang/ClassNotFoundException'{0x000000008520a748}: org/gradle/api/internal/artifacts/dsl/dependencies/DefaultDependencyHandlerCustomizer> (0x000000008520a748) 
thrown [s\open\src\hotspot\share\classfile\systemDictionary.cpp, line 256]
Event: 36.792 Thread 0x0000029b73d143f0 Exception <a 'java/lang/ClassNotFoundException'{0x0000000085247598}: org/gradle/api/internal/artifacts/dsl/dependencies/DefaultDependencyHandler_DecoratedCustomizer> (0x0000000085247598) 
thrown [s\open\src\hotspot\share\classfile\systemDictionary.cpp, line 256]
Event: 38.347 Thread 0x0000029b73d143f0 Exception <a 'java/lang/NoSuchMethodError'{0x0000000085e5a9d0}: 'java.lang.Object java.lang.invoke.DirectMethodHandle$Holder.newInvokeSpecial(java.lang.Object, java.lang.Object, java.lang.Object, java.lang.Object, java.lang.Object, java.lang.Object, int)'> (0x0000000085e5a9d0) 
thrown [s\open\src\hotspot\share\interpreter\linkResolver.cpp, line 759]
Event: 38.349 Thread 0x0000029b73d143f0 Exception <a 'java/lang/NoSuchMethodError'{0x0000000085e60a00}: 'java.lang.Object java.lang.invoke.DirectMethodHandle$Holder.invokeSpecial(java.lang.Object, java.lang.Object, java.lang.Object, java.lang.Object, java.lang.Object, java.lang.Object, java.lang.Object, int)'> (0x0000000085e60a00) 
thrown [s\open\src\hotspot\share\interpreter\linkResolver.cpp, line 759]
Event: 38.350 Thread 0x0000029b73d143f0 Exception <a 'java/lang/NoSuchMethodError'{0x0000000085e66618}: 'java.lang.Object java.lang.invoke.Invokers$Holder.linkToTargetMethod(java.lang.Object, java.lang.Object, java.lang.Object, java.lang.Object, java.lang.Object, int, java.lang.Object)'> (0x0000000085e66618) 
thrown [s\open\src\hotspot\share\interpreter\linkResolver.cpp, line 759]
Event: 38.363 Thread 0x0000029b74ddcd20 Exception <a 'java/lang/OutOfMemoryError'{0x0000000085d157c8}: unable to create native thread: possibly out of memory or process/resource limits reached> (0x0000000085d157c8) 
thrown [s\open\src\hotspot\share\prims\jvm.cpp, line 2923]
Event: 38.364 Thread 0x0000029b74ddcd20 Implicit null exception at 0x0000029b44a22727 to 0x0000029b44a22ff4

VM Operations (20 events):
Event: 35.856 Executing VM operation: G1Concurrent
Event: 35.858 Executing VM operation: G1Concurrent done
Event: 35.882 Executing VM operation: G1Concurrent
Event: 35.882 Executing VM operation: G1Concurrent done
Event: 36.331 Executing VM operation: G1CollectForAllocation
Event: 36.336 Executing VM operation: G1CollectForAllocation done
Event: 36.580 Executing VM operation: HandshakeAllThreads
Event: 36.580 Executing VM operation: HandshakeAllThreads done
Event: 36.885 Executing VM operation: HandshakeAllThreads
Event: 36.885 Executing VM operation: HandshakeAllThreads done
Event: 36.909 Executing VM operation: G1CollectForAllocation
Event: 36.913 Executing VM operation: G1CollectForAllocation done
Event: 36.965 Executing VM operation: G1Concurrent
Event: 36.969 Executing VM operation: G1Concurrent done
Event: 36.995 Executing VM operation: G1Concurrent
Event: 36.995 Executing VM operation: G1Concurrent done
Event: 37.546 Executing VM operation: G1CollectForAllocation
Event: 37.552 Executing VM operation: G1CollectForAllocation done
Event: 38.105 Executing VM operation: ICBufferFull
Event: 38.105 Executing VM operation: ICBufferFull done

Events (20 events):
Event: 37.037 loading class java/net/InetAddress$NameServiceAddresses done
Event: 37.048 loading class sun/net/InetAddressCachePolicy
Event: 37.048 loading class sun/net/InetAddressCachePolicy done
Event: 37.048 loading class sun/net/InetAddressCachePolicy$1
Event: 37.048 loading class sun/net/InetAddressCachePolicy$1 done
Event: 37.049 loading class sun/net/InetAddressCachePolicy$2
Event: 37.049 loading class sun/net/InetAddressCachePolicy$2 done
Event: 37.049 loading class java/net/InetAddress$CachedAddresses
Event: 37.049 loading class java/net/InetAddress$CachedAddresses done
Event: 37.049 loading class java/net/InetAddress$CachedLocalHost
Event: 37.049 loading class java/net/InetAddress$CachedLocalHost done
Event: 38.355 loading class java/util/stream/ReferencePipeline$15
Event: 38.356 loading class java/util/stream/ReferencePipeline$15 done
Event: 38.362 Thread 0x0000029b74dda6a0 Thread added: 0x0000029b74dda6a0
Event: 38.362 loading class java/util/stream/ReferencePipeline$15$1
Event: 38.362 loading class java/util/stream/ReferencePipeline$15$1 done
Event: 38.362 Thread 0x0000029b74ddcd20 Thread added: 0x0000029b74ddcd20
Event: 38.363 Thread 0x0000029b74ddc380 Thread added: 0x0000029b74ddc380
Event: 38.364 Thread 0x0000029b74ddea00 Thread added: 0x0000029b74ddea00
Event: 38.364 loading class java/lang/Throwable$WrappedPrintStream


Dynamic libraries:
0x00007ff78d6c0000 - 0x00007ff78d6d0000 	C:\Program Files\Java\jdk-17\bin\java.exe
0x00007ffee09f0000 - 0x00007ffee0c06000 	C:\WINDOWS\SYSTEM32\ntdll.dll
0x00007ffedf0e0000 - 0x00007ffedf1a4000 	C:\WINDOWS\System32\KERNEL32.DLL
0x00007ffeddfc0000 - 0x00007ffede367000 	C:\WINDOWS\System32\KERNELBASE.dll
0x00007ffede480000 - 0x00007ffede591000 	C:\WINDOWS\System32\ucrtbase.dll
0x00007ffe8a7a0000 - 0x00007ffe8a7b9000 	C:\Program Files\Java\jdk-17\bin\jli.dll
0x00007ffede880000 - 0x00007ffede932000 	C:\WINDOWS\System32\ADVAPI32.dll
0x00007ffe8a700000 - 0x00007ffe8a71b000 	C:\Program Files\Java\jdk-17\bin\VCRUNTIME140.dll
0x00007ffedefc0000 - 0x00007ffedf067000 	C:\WINDOWS\System32\msvcrt.dll
0x00007ffedeee0000 - 0x00007ffedef88000 	C:\WINDOWS\System32\sechost.dll
0x00007ffede5a0000 - 0x00007ffede5c8000 	C:\WINDOWS\System32\bcrypt.dll
0x00007ffee0150000 - 0x00007ffee0265000 	C:\WINDOWS\System32\RPCRT4.dll
0x00007ffedf490000 - 0x00007ffedf63e000 	C:\WINDOWS\System32\USER32.dll
0x00007ffede5d0000 - 0x00007ffede5f6000 	C:\WINDOWS\System32\win32u.dll
0x00007ffec7c30000 - 0x00007ffec7ec3000 	C:\WINDOWS\WinSxS\amd64_microsoft.windows.common-controls_6595b64144ccf1df_6.0.22621.3235_none_270f74e173860f98\COMCTL32.dll
0x00007ffedef90000 - 0x00007ffedefb9000 	C:\WINDOWS\System32\GDI32.dll
0x00007ffede600000 - 0x00007ffede719000 	C:\WINDOWS\System32\gdi32full.dll
0x00007ffede370000 - 0x00007ffede40a000 	C:\WINDOWS\System32\msvcp_win.dll
0x00007ffed5540000 - 0x00007ffed554a000 	C:\WINDOWS\SYSTEM32\VERSION.dll
0x00007ffedff50000 - 0x00007ffedff81000 	C:\WINDOWS\System32\IMM32.DLL
0x00007ffea8290000 - 0x00007ffea829c000 	C:\Program Files\Java\jdk-17\bin\vcruntime140_1.dll
0x00007ffe80240000 - 0x00007ffe802ce000 	C:\Program Files\Java\jdk-17\bin\msvcp140.dll
0x00007ffe6f340000 - 0x00007ffe6ff1e000 	C:\Program Files\Java\jdk-17\bin\server\jvm.dll
0x00007ffedf640000 - 0x00007ffedf648000 	C:\WINDOWS\System32\PSAPI.DLL
0x00007ffebf490000 - 0x00007ffebf499000 	C:\WINDOWS\SYSTEM32\WSOCK32.dll
0x00007ffedf660000 - 0x00007ffedf6d1000 	C:\WINDOWS\System32\WS2_32.dll
0x00007ffed5500000 - 0x00007ffed5534000 	C:\WINDOWS\SYSTEM32\WINMM.dll
0x00007ffedcd20000 - 0x00007ffedcd38000 	C:\WINDOWS\SYSTEM32\kernel.appcore.dll
0x00007ffe9e670000 - 0x00007ffe9e67a000 	C:\Program Files\Java\jdk-17\bin\jimage.dll
0x00007ffedb670000 - 0x00007ffedb8a3000 	C:\WINDOWS\SYSTEM32\DBGHELP.DLL
0x00007ffedeb50000 - 0x00007ffedeed8000 	C:\WINDOWS\System32\combase.dll
0x00007ffee0710000 - 0x00007ffee07e7000 	C:\WINDOWS\System32\OLEAUT32.dll
0x00007ffec3770000 - 0x00007ffec37a2000 	C:\WINDOWS\SYSTEM32\dbgcore.DLL
0x00007ffeddd10000 - 0x00007ffeddd89000 	C:\WINDOWS\System32\bcryptPrimitives.dll
0x00007ffecb910000 - 0x00007ffecb91e000 	C:\Program Files\Java\jdk-17\bin\instrument.dll
0x00007ffe87220000 - 0x00007ffe87245000 	C:\Program Files\Java\jdk-17\bin\java.dll
0x00007ffe80160000 - 0x00007ffe80237000 	C:\Program Files\Java\jdk-17\bin\jsvml.dll
0x00007ffedf6f0000 - 0x00007ffedff4c000 	C:\WINDOWS\System32\SHELL32.dll
0x00007ffedbc40000 - 0x00007ffedc539000 	C:\WINDOWS\SYSTEM32\windows.storage.dll
0x00007ffedbb00000 - 0x00007ffedbc3e000 	C:\WINDOWS\SYSTEM32\wintypes.dll
0x00007ffede780000 - 0x00007ffede873000 	C:\WINDOWS\System32\SHCORE.dll
0x00007ffedeaf0000 - 0x00007ffedeb4e000 	C:\WINDOWS\System32\shlwapi.dll
0x00007ffeddc40000 - 0x00007ffeddc61000 	C:\WINDOWS\SYSTEM32\profapi.dll
0x00007ffe87e30000 - 0x00007ffe87e48000 	C:\Program Files\Java\jdk-17\bin\zip.dll
0x00007ffe8a2e0000 - 0x00007ffe8a2f9000 	C:\Program Files\Java\jdk-17\bin\net.dll
0x00007ffed71e0000 - 0x00007ffed7316000 	C:\WINDOWS\SYSTEM32\WINHTTP.dll
0x00007ffedd190000 - 0x00007ffedd1f9000 	C:\WINDOWS\system32\mswsock.dll
0x00007ffe87f90000 - 0x00007ffe87fa6000 	C:\Program Files\Java\jdk-17\bin\nio.dll
0x00007ffed5660000 - 0x00007ffed5670000 	C:\Program Files\Java\jdk-17\bin\verify.dll
0x00007ffeb9fb0000 - 0x00007ffeb9fd7000 	C:\Users\Lenovo\.gradle\native\68d5fa5c4cc2d200863cafc0d521ce42e7d3e7ee720ec0a83991735586a16f82\windows-amd64\native-platform.dll
0x00007ffeb8680000 - 0x00007ffeb87c4000 	C:\Users\Lenovo\.gradle\native\e376f236ea51e6404a007f0833ffe2c6e607c4080706a723a18a27aeea778392\windows-amd64\native-platform-file-events.dll
0x00007ffe9e440000 - 0x00007ffe9e44a000 	C:\Program Files\Java\jdk-17\bin\management.dll
0x00007ffe9d510000 - 0x00007ffe9d51b000 	C:\Program Files\Java\jdk-17\bin\management_ext.dll
0x00007ffedd3c0000 - 0x00007ffedd3db000 	C:\WINDOWS\SYSTEM32\CRYPTSP.dll
0x00007ffedcc80000 - 0x00007ffedccb5000 	C:\WINDOWS\system32\rsaenh.dll
0x00007ffedd250000 - 0x00007ffedd278000 	C:\WINDOWS\SYSTEM32\USERENV.dll
0x00007ffedd3b0000 - 0x00007ffedd3bc000 	C:\WINDOWS\SYSTEM32\CRYPTBASE.dll
0x00007ffedc7a0000 - 0x00007ffedc7cd000 	C:\WINDOWS\SYSTEM32\IPHLPAPI.DLL
0x00007ffedf6e0000 - 0x00007ffedf6e9000 	C:\WINDOWS\System32\NSI.dll
0x00007ffed7740000 - 0x00007ffed7759000 	C:\WINDOWS\SYSTEM32\dhcpcsvc6.DLL
0x00007ffed7620000 - 0x00007ffed763f000 	C:\WINDOWS\SYSTEM32\dhcpcsvc.DLL
0x00007ffedc7d0000 - 0x00007ffedc8c9000 	C:\WINDOWS\SYSTEM32\DNSAPI.dll
0x00007ffe9c970000 - 0x00007ffe9c97e000 	C:\Program Files\Java\jdk-17\bin\sunmscapi.dll
0x00007ffeddd90000 - 0x00007ffeddef6000 	C:\WINDOWS\System32\CRYPT32.dll
0x00007ffedd5c0000 - 0x00007ffedd5ee000 	C:\WINDOWS\SYSTEM32\ncrypt.dll
0x00007ffedd580000 - 0x00007ffedd5b7000 	C:\WINDOWS\SYSTEM32\NTASN1.dll
0x00007ffe9b9c0000 - 0x00007ffe9b9c8000 	C:\WINDOWS\system32\wshunix.dll
0x00007ffebd860000 - 0x00007ffebd877000 	C:\WINDOWS\system32\napinsp.dll
0x00007ffebd6b0000 - 0x00007ffebd6cb000 	C:\WINDOWS\system32\pnrpnsp.dll
0x00007ffebd690000 - 0x00007ffebd6a1000 	C:\WINDOWS\System32\winrnr.dll
0x00007ffed5550000 - 0x00007ffed5565000 	C:\WINDOWS\system32\wshbth.dll
0x00007ffebd660000 - 0x00007ffebd681000 	C:\WINDOWS\system32\nlansp_c.dll
0x000000006b7d0000 - 0x000000006b7f6000 	C:\Program Files\Bonjour\mdnsNSP.dll
0x00007ffecd000000 - 0x00007ffecd00a000 	C:\Windows\System32\rasadhlp.dll
0x00007ffed49c0000 - 0x00007ffed4a43000 	C:\WINDOWS\System32\fwpuclnt.dll

dbghelp: loaded successfully - version: 4.0.5 - missing functions: none
symbol engine: initialized successfully - sym options: 0x614 - pdb path: .;C:\Program Files\Java\jdk-17\bin;C:\WINDOWS\SYSTEM32;C:\WINDOWS\WinSxS\amd64_microsoft.windows.common-controls_6595b64144ccf1df_6.0.22621.3235_none_270f74e173860f98;C:\Program Files\Java\jdk-17\bin\server;C:\Users\Lenovo\.gradle\native\68d5fa5c4cc2d200863cafc0d521ce42e7d3e7ee720ec0a83991735586a16f82\windows-amd64;C:\Users\Lenovo\.gradle\native\e376f236ea51e6404a007f0833ffe2c6e607c4080706a723a18a27aeea778392\windows-amd64;C:\Program Files\Bonjour

VM Arguments:
jvm_args: -XX:MaxMetaspaceSize=512m --add-opens=java.base/java.util=ALL-UNNAMED --add-opens=java.base/java.lang=ALL-UNNAMED --add-opens=java.base/java.lang.invoke=ALL-UNNAMED --add-opens=java.prefs/java.util.prefs=ALL-UNNAMED --add-opens=java.base/java.nio.charset=ALL-UNNAMED --add-opens=java.base/java.net=ALL-UNNAMED --add-opens=java.base/java.util.concurrent.atomic=ALL-UNNAMED -Xmx2048m -Dfile.encoding=windows-1252 -Duser.country=VN -Duser.language=vi -Duser.variant -javaagent:C:\Users\Lenovo\.gradle\wrapper\dists\gradle-8.3-all\6en3ugtfdg5xnpx44z4qbwgas\gradle-8.3\lib\agents\gradle-instrumentation-agent-8.3.jar 
java_command: org.gradle.launcher.daemon.bootstrap.GradleDaemon 8.3
java_class_path (initial): C:\Users\Lenovo\.gradle\wrapper\dists\gradle-8.3-all\6en3ugtfdg5xnpx44z4qbwgas\gradle-8.3\lib\gradle-launcher-8.3.jar
Launcher Type: SUN_STANDARD

[Global flags]
     intx CICompilerCount                          = 4                                         {product} {ergonomic}
   size_t CompressedClassSpaceSize                 = 436207616                                 {product} {ergonomic}
     uint ConcGCThreads                            = 2                                         {product} {ergonomic}
     uint G1ConcRefinementThreads                  = 8                                         {product} {ergonomic}
   size_t G1HeapRegionSize                         = 1048576                                   {product} {ergonomic}
    uintx GCDrainStackTargetSize                   = 64                                        {product} {ergonomic}
   size_t InitialHeapSize                          = 130023424                                 {product} {ergonomic}
   size_t MarkStackSize                            = 4194304                                   {product} {ergonomic}
   size_t MaxHeapSize                              = 2147483648                                {product} {command line}
   size_t MaxMetaspaceSize                         = 536870912                                 {product} {command line}
   size_t MaxNewSize                               = 1287651328                                {product} {ergonomic}
   size_t MinHeapDeltaBytes                        = 1048576                                   {product} {ergonomic}
   size_t MinHeapSize                              = 8388608                                   {product} {ergonomic}
    uintx NonNMethodCodeHeapSize                   = 5839372                                {pd product} {ergonomic}
    uintx NonProfiledCodeHeapSize                  = 122909434                              {pd product} {ergonomic}
    uintx ProfiledCodeHeapSize                     = 122909434                              {pd product} {ergonomic}
    uintx ReservedCodeCacheSize                    = 251658240                              {pd product} {ergonomic}
     bool SegmentedCodeCache                       = true                                      {product} {ergonomic}
   size_t SoftMaxHeapSize                          = 2147483648                             {manageable} {ergonomic}
     bool UseCompressedClassPointers               = true                           {product lp64_product} {ergonomic}
     bool UseCompressedOops                        = true                           {product lp64_product} {ergonomic}
     bool UseG1GC                                  = true                                      {product} {ergonomic}
     bool UseLargePagesIndividualAllocation        = false                                  {pd product} {ergonomic}

Logging:
Log output configuration:
 #0: stdout all=warning uptime,level,tags
 #1: stderr all=off uptime,level,tags

Environment Variables:
JAVA_HOME=C:\Program Files\Java\jdk-17
CLASSPATH=D:\TLCN\app_dat_phong_khach_san\client\android\\gradle\wrapper\gradle-wrapper.jar
PATH=D:\TLCN\app_dat_phong_khach_san\client\node_modules\.bin;D:\TLCN\app_dat_phong_khach_san\client\node_modules\.bin;D:\TLCN\app_dat_phong_khach_san\node_modules\.bin;D:\TLCN\node_modules\.bin;D:\node_modules\.bin;C:\Users\Lenovo\AppData\Roaming\npm\node_modules\npm\node_modules\@npmcli\run-script\lib\node-gyp-bin;D:\TLCN\app_dat_phong_khach_san\client\node_modules\.bin;D:\TLCN\app_dat_phong_khach_san\node_modules\.bin;D:\TLCN\node_modules\.bin;D:\node_modules\.bin;C:\Users\Lenovo\AppData\Roaming\npm\node_modules\npm\node_modules\@npmcli\run-script\lib\node-gyp-bin;C:\Program Files\Common Files\Oracle\Java\javapath;C:\Program Files (x86)\VMware\VMware Workstation\bin\;C:\Windows\system32;C:\Windows;C:\Windows\System32\Wbem;C:\Windows\System32\WindowsPowerShell\v1.0\;C:\Windows\System32\OpenSSH\;C:\Program Files\dotnet\;C:\Program Files\Microsoft SQL Server\150\Tools\Binn\;C:\Program Files\Microsoft SQL Server\Client SDK\ODBC\170\Tools\Binn\;C:\Program Files (x86)\Microsoft SQL Server\150\DTS\Binn\;C:\Program Files\Azure Data Studio\bin;C:\MinGW\bin;C:\WINDOWS\system32;C:\WINDOWS;C:\WINDOWS\System32\Wbem;C:\WINDOWS\System32\WindowsPowerShell\v1.0\;C:\WINDOWS\System32\OpenSSH\;C:\apache-maven-3.6.0\bin;C:\Program Files\Java\jdk-17\bin;C:\Program Files\Git\cmd;C:\Program Files (x86)\Microsoft SQL Server\160\Tools\Binn\;C:\Program Files\Microsoft SQL Server\160\Tools\Binn\;C:\Program Files\Microsoft SQL Server\160\DTS\Binn\;C:\Program Files\PuTTY\;C:\Program Files\Docker\Docker\resources\bin;C:\ProgramData\chocolatey\bin;C:\Users\Lenovo\AppData\Roaming\nvm;C:\Program Files\nvm;C:\Users\Lenovo\AppData\Local\Programs\Python\Python312\Scripts\;C:\Users\Lenovo\AppData\Local\Programs\Python\Python312\;C:\Users\Lenovo\AppData\Local\Programs\Python\Python311\Scripts\;C:\Users\Lenovo\AppData\Local\Programs\Python\Python311\;C:\Program Files\MySQL\MySQL Shell 8.0\bin\;C:\Users\Lenovo\AppData\Local\Microsoft\WindowsApps;C:\Users\Lenovo\.dotnet\tools;C:\Users\Lenovo\AppData\Local\P
USERNAME=Lenovo
OS=Windows_NT
PROCESSOR_IDENTIFIER=Intel64 Family 6 Model 126 Stepping 5, GenuineIntel



---------------  S Y S T E M  ---------------

OS:
 Windows 11 , 64 bit Build 22621 (10.0.22621.3374)
OS uptime: 5 days 6:11 hours
Hyper-V role detected

CPU: total 8 (initial active 8) (4 cores per cpu, 2 threads per core) family 6 model 126 stepping 5 microcode 0x86, cx8, cmov, fxsr, ht, mmx, 3dnowpref, sse, sse2, sse3, ssse3, sse4.1, sse4.2, popcnt, lzcnt, tsc, tscinvbit, avx, avx2, aes, erms, clmul, bmi1, bmi2, adx, avx512f, avx512dq, avx512cd, avx512bw, avx512vl, sha, fma, vzeroupper, avx512_vpopcntdq, avx512_vpclmulqdq, avx512_vaes, avx512_vnni, clflush, clflushopt, avx512_vbmi2, avx512_vbmi, hv

Memory: 4k page, system-wide physical 7934M (159M free)
TotalPageFile size 32510M (AvailPageFile size 0M)
current process WorkingSet (physical memory assigned to process): 257M, peak: 257M
current process commit charge ("private bytes"): 335M, peak: 336M

vm_info: Java HotSpot(TM) 64-Bit Server VM (17.0.8+9-LTS-211) for windows-amd64 JRE (17.0.8+9-LTS-211), built on Jun 14 2023 10:34:31 by "mach5one" with MS VC++ 17.1 (VS2022)

END.
