#
# There is insufficient memory for the Java Runtime Environment to continue.
# Native memory allocation (malloc) failed to allocate 1048576 bytes for AllocateHeap
# Possible reasons:
#   The system is out of physical RAM or swap space
#   The process is running with CompressedOops enabled, and the Java Heap may be blocking the growth of the native heap
# Possible solutions:
#   Reduce memory load on the system
#   Increase physical memory or swap space
#   Check if swap backing store is full
#   Decrease Java heap size (-Xmx/-Xms)
#   Decrease number of Java threads
#   Decrease Java thread stack sizes (-Xss)
#   Set larger code cache with -XX:ReservedCodeCacheSize=
#   JVM is running with Unscaled Compressed Oops mode in which the Java heap is
#     placed in the first 4GB address space. The Java Heap base address is the
#     maximum limit for the native heap growth. Please use -XX:HeapBaseMinAddress
#     to set the Java Heap base and to place the Java Heap above 4GB virtual address.
# This output file may be truncated or incomplete.
#
#  Out of Memory Error (allocation.cpp:44), pid=18788, tid=30320
#
# JRE version:  (17.0.8+9) (build )
# Java VM: Java HotSpot(TM) 64-Bit Server VM (17.0.8+9-LTS-211, mixed mode, sharing, tiered, compressed oops, compressed class ptrs, g1 gc, windows-amd64)
# No core dump will be written. Minidumps are not enabled by default on client versions of Windows
#

---------------  S U M M A R Y ------------

Command Line: -Xmx64m -Xms64m -Dorg.gradle.appname=gradlew org.gradle.wrapper.GradleWrapperMain app:installDebug -PreactNativeDevServerPort=8081

Host: Intel(R) Core(TM) i7-1065G7 CPU @ 1.30GHz, 8 cores, 7G,  Windows 11 , 64 bit Build 22621 (10.0.22621.3235)
Time: Sat Mar  9 16:52:24 2024 SE Asia Standard Time elapsed time: 0.113259 seconds (0d 0h 0m 0s)

---------------  T H R E A D  ---------------

Current thread (0x0000018fbb807c90):  JavaThread "Unknown thread" [_thread_in_vm, id=30320, stack(0x0000000179900000,0x0000000179a00000)]

Stack: [0x0000000179900000,0x0000000179a00000]
Native frames: (J=compiled Java code, j=interpreted, Vv=VM code, C=native code)
V  [jvm.dll+0x677d0a]
V  [jvm.dll+0x7d8c54]
V  [jvm.dll+0x7da3fe]
V  [jvm.dll+0x7daa63]
V  [jvm.dll+0x245c5f]
V  [jvm.dll+0xa50e3]
V  [jvm.dll+0x2d6137]
V  [jvm.dll+0x7aa6dc]
V  [jvm.dll+0x367b51]
V  [jvm.dll+0x789979]
V  [jvm.dll+0x3eb05f]
V  [jvm.dll+0x3ecae1]
C  [jli.dll+0x5297]
C  [ucrtbase.dll+0x29363]
C  [KERNEL32.DLL+0x1257d]
C  [ntdll.dll+0x5aa58]


---------------  P R O C E S S  ---------------

Threads class SMR info:
_java_thread_list=0x00007ff8f79f59d8, length=0, elements={
}

Java Threads: ( => current thread )

Other Threads:

=>0x0000018fbb807c90 (exited) JavaThread "Unknown thread" [_thread_in_vm, id=30320, stack(0x0000000179900000,0x0000000179a00000)]

Threads with active compile tasks:

VM state: not at safepoint (not fully initialized)

VM Mutex/Monitor currently owned by a thread: None

Heap address: 0x0000000000000000, size: 0 MB, Compressed Oops mode: 32-bit

CDS archive(s) mapped at: [0x0000000000000000-0x0000000000000000-0x0000000000000000), size 0, SharedBaseAddress: 0x0000000800000000, ArchiveRelocationMode: 1.
Narrow klass base: 0x0000000000000000, Narrow klass shift: 0, Narrow klass range: 0x0

GC Precious Log:
<Empty>

GC Heap History (0 events):
No events

Deoptimization events (0 events):
No events

Classes unloaded (0 events):
No events

Classes redefined (0 events):
No events

Internal exceptions (0 events):
No events

VM Operations (0 events):
No events

Events (1 events):
Event: 0.064 Loaded shared library C:\Program Files\Java\jdk-17\bin\java.dll


Dynamic libraries:
0x00007ff69f460000 - 0x00007ff69f470000 	C:\Program Files\Java\jdk-17\bin\java.exe
0x00007ff98ee50000 - 0x00007ff98f066000 	C:\WINDOWS\SYSTEM32\ntdll.dll
0x00007ff98dc80000 - 0x00007ff98dd44000 	C:\WINDOWS\System32\KERNEL32.DLL
0x00007ff98c6d0000 - 0x00007ff98ca76000 	C:\WINDOWS\System32\KERNELBASE.dll
0x00007ff98c380000 - 0x00007ff98c491000 	C:\WINDOWS\System32\ucrtbase.dll
0x00007ff91f1c0000 - 0x00007ff91f1d9000 	C:\Program Files\Java\jdk-17\bin\jli.dll
0x00007ff91a070000 - 0x00007ff91a08b000 	C:\Program Files\Java\jdk-17\bin\VCRUNTIME140.dll
0x00007ff98d9c0000 - 0x00007ff98da72000 	C:\WINDOWS\System32\ADVAPI32.dll
0x00007ff98df20000 - 0x00007ff98dfc7000 	C:\WINDOWS\System32\msvcrt.dll
0x00007ff98dd50000 - 0x00007ff98ddf8000 	C:\WINDOWS\System32\sechost.dll
0x00007ff98c190000 - 0x00007ff98c1b8000 	C:\WINDOWS\System32\bcrypt.dll
0x00007ff98d760000 - 0x00007ff98d875000 	C:\WINDOWS\System32\RPCRT4.dll
0x00007ff98e830000 - 0x00007ff98e9dd000 	C:\WINDOWS\System32\USER32.dll
0x00007ff976090000 - 0x00007ff976323000 	C:\WINDOWS\WinSxS\amd64_microsoft.windows.common-controls_6595b64144ccf1df_6.0.22621.3235_none_270f74e173860f98\COMCTL32.dll
0x00007ff98c1c0000 - 0x00007ff98c1e6000 	C:\WINDOWS\System32\win32u.dll
0x00007ff98d020000 - 0x00007ff98d049000 	C:\WINDOWS\System32\GDI32.dll
0x00007ff98ca80000 - 0x00007ff98cb98000 	C:\WINDOWS\System32\gdi32full.dll
0x00007ff98c2e0000 - 0x00007ff98c37a000 	C:\WINDOWS\System32\msvcp_win.dll
0x00007ff980a10000 - 0x00007ff980a1a000 	C:\WINDOWS\SYSTEM32\VERSION.dll
0x00007ff98d980000 - 0x00007ff98d9b1000 	C:\WINDOWS\System32\IMM32.DLL
0x00007ff9577b0000 - 0x00007ff9577bc000 	C:\Program Files\Java\jdk-17\bin\vcruntime140_1.dll
0x00007ff8f84b0000 - 0x00007ff8f853e000 	C:\Program Files\Java\jdk-17\bin\msvcp140.dll
0x00007ff8f6f40000 - 0x00007ff8f7b1e000 	C:\Program Files\Java\jdk-17\bin\server\jvm.dll
0x00007ff98deb0000 - 0x00007ff98deb8000 	C:\WINDOWS\System32\PSAPI.DLL
0x00007ff983ab0000 - 0x00007ff983ae4000 	C:\WINDOWS\SYSTEM32\WINMM.dll
0x00007ff96ebd0000 - 0x00007ff96ebd9000 	C:\WINDOWS\SYSTEM32\WSOCK32.dll
0x00007ff98d400000 - 0x00007ff98d471000 	C:\WINDOWS\System32\WS2_32.dll
0x00007ff98b190000 - 0x00007ff98b1a8000 	C:\WINDOWS\SYSTEM32\kernel.appcore.dll
0x00007ff957120000 - 0x00007ff95712a000 	C:\Program Files\Java\jdk-17\bin\jimage.dll
0x00007ff989c30000 - 0x00007ff989e63000 	C:\WINDOWS\SYSTEM32\DBGHELP.DLL
0x00007ff98e9e0000 - 0x00007ff98ed68000 	C:\WINDOWS\System32\combase.dll
0x00007ff98d050000 - 0x00007ff98d127000 	C:\WINDOWS\System32\OLEAUT32.dll
0x00007ff972dd0000 - 0x00007ff972e02000 	C:\WINDOWS\SYSTEM32\dbgcore.DLL
0x00007ff98c1f0000 - 0x00007ff98c26a000 	C:\WINDOWS\System32\bcryptPrimitives.dll
0x00007ff900430000 - 0x00007ff900455000 	C:\Program Files\Java\jdk-17\bin\java.dll

dbghelp: loaded successfully - version: 4.0.5 - missing functions: none
symbol engine: initialized successfully - sym options: 0x614 - pdb path: .;C:\Program Files\Java\jdk-17\bin;C:\WINDOWS\SYSTEM32;C:\WINDOWS\WinSxS\amd64_microsoft.windows.common-controls_6595b64144ccf1df_6.0.22621.3235_none_270f74e173860f98;C:\Program Files\Java\jdk-17\bin\server

VM Arguments:
jvm_args: -Xmx64m -Xms64m -Dorg.gradle.appname=gradlew 
java_command: org.gradle.wrapper.GradleWrapperMain app:installDebug -PreactNativeDevServerPort=8081
java_class_path (initial): D:\TLCN\app_dat_phong_khach_san\client\android\\gradle\wrapper\gradle-wrapper.jar
Launcher Type: SUN_STANDARD

[Global flags]
     intx CICompilerCount                          = 4                                         {product} {ergonomic}
     uint ConcGCThreads                            = 2                                         {product} {ergonomic}
     uint G1ConcRefinementThreads                  = 8                                         {product} {ergonomic}
   size_t G1HeapRegionSize                         = 1048576                                   {product} {ergonomic}
    uintx GCDrainStackTargetSize                   = 64                                        {product} {ergonomic}
   size_t InitialHeapSize                          = 67108864                                  {product} {command line}
   size_t MarkStackSize                            = 4194304                                   {product} {ergonomic}
   size_t MaxHeapSize                              = 67108864                                  {product} {command line}
   size_t MinHeapDeltaBytes                        = 1048576                                   {product} {ergonomic}
   size_t MinHeapSize                              = 67108864                                  {product} {command line}
    uintx NonNMethodCodeHeapSize                   = 5839372                                {pd product} {ergonomic}
    uintx NonProfiledCodeHeapSize                  = 122909434                              {pd product} {ergonomic}
    uintx ProfiledCodeHeapSize                     = 122909434                              {pd product} {ergonomic}
    uintx ReservedCodeCacheSize                    = 251658240                              {pd product} {ergonomic}
     bool SegmentedCodeCache                       = true                                      {product} {ergonomic}
   size_t SoftMaxHeapSize                          = 67108864                               {manageable} {ergonomic}
     bool UseCompressedClassPointers               = true                           {product lp64_product} {ergonomic}
     bool UseCompressedOops                        = true                           {product lp64_product} {ergonomic}
     bool UseG1GC                                  = true                                      {product} {ergonomic}
     bool UseLargePagesIndividualAllocation        = false                                  {pd product} {ergonomic}

Logging:
Log output configuration:
 #0: stdout all=warning uptime,level,tags
 #1: stderr all=off uptime,level,tags

Environment Variables:
JAVA_HOME=C:\Program Files\Java\jdk-17
CLASSPATH=D:\TLCN\app_dat_phong_khach_san\client\android\\gradle\wrapper\gradle-wrapper.jar
PATH=D:\TLCN\app_dat_phong_khach_san\client\node_modules\.bin;D:\TLCN\app_dat_phong_khach_san\client\node_modules\.bin;D:\TLCN\app_dat_phong_khach_san\node_modules\.bin;D:\TLCN\node_modules\.bin;D:\node_modules\.bin;C:\Users\Lenovo\AppData\Roaming\npm\node_modules\npm\node_modules\@npmcli\run-script\lib\node-gyp-bin;D:\TLCN\app_dat_phong_khach_san\client\node_modules\.bin;D:\TLCN\app_dat_phong_khach_san\node_modules\.bin;D:\TLCN\node_modules\.bin;D:\node_modules\.bin;C:\Users\Lenovo\AppData\Roaming\npm\node_modules\npm\node_modules\@npmcli\run-script\lib\node-gyp-bin;C:\Program Files\Common Files\Oracle\Java\javapath;C:\Program Files (x86)\VMware\VMware Workstation\bin\;C:\Windows\system32;C:\Windows;C:\Windows\System32\Wbem;C:\Windows\System32\WindowsPowerShell\v1.0\;C:\Windows\System32\OpenSSH\;C:\Program Files\dotnet\;C:\Program Files\Microsoft SQL Server\150\Tools\Binn\;C:\Program Files\Microsoft SQL Server\Client SDK\ODBC\170\Tools\Binn\;C:\Program Files (x86)\Microsoft SQL Server\150\DTS\Binn\;C:\Program Files\Azure Data Studio\bin;C:\MinGW\bin;C:\WINDOWS\system32;C:\WINDOWS;C:\WINDOWS\System32\Wbem;C:\WINDOWS\System32\WindowsPowerShell\v1.0\;C:\WINDOWS\System32\OpenSSH\;C:\apache-maven-3.6.0\bin;C:\Program Files\Java\jdk-17\bin;C:\Program Files\Git\cmd;C:\Program Files (x86)\Microsoft SQL Server\160\Tools\Binn\;C:\Program Files\Microsoft SQL Server\160\Tools\Binn\;C:\Program Files\Microsoft SQL Server\160\DTS\Binn\;C:\Program Files\PuTTY\;C:\Program Files\Docker\Docker\resources\bin;C:\ProgramData\chocolatey\bin;C:\Users\Lenovo\AppData\Roaming\nvm;C:\Program Files\nvm;C:\Users\Lenovo\AppData\Local\Programs\Python\Python312\Scripts\;C:\Users\Lenovo\AppData\Local\Programs\Python\Python312\;C:\Users\Lenovo\AppData\Local\Programs\Python\Python311\Scripts\;C:\Users\Lenovo\AppData\Local\Programs\Python\Python311\;C:\Program Files\MySQL\MySQL Shell 8.0\bin\;C:\Users\Lenovo\AppData\Local\Microsoft\WindowsApps;C:\Users\Lenovo\.dotnet\tools;C:\Users\Lenovo\AppData\Local\P
USERNAME=Lenovo
OS=Windows_NT
PROCESSOR_IDENTIFIER=Intel64 Family 6 Model 126 Stepping 5, GenuineIntel



---------------  S Y S T E M  ---------------

OS:
 Windows 11 , 64 bit Build 22621 (10.0.22621.3235)
OS uptime: 2 days 18:48 hours
Hyper-V role detected

CPU: total 8 (initial active 8) (4 cores per cpu, 2 threads per core) family 6 model 126 stepping 5 microcode 0x86, cx8, cmov, fxsr, ht, mmx, 3dnowpref, sse, sse2, sse3, ssse3, sse4.1, sse4.2, popcnt, lzcnt, tsc, tscinvbit, avx, avx2, aes, erms, clmul, bmi1, bmi2, adx, avx512f, avx512dq, avx512cd, avx512bw, avx512vl, sha, fma, vzeroupper, avx512_vpopcntdq, avx512_vpclmulqdq, avx512_vaes, avx512_vnni, clflush, clflushopt, avx512_vbmi2, avx512_vbmi, hv

Memory: 4k page, system-wide physical 7934M (51M free)
TotalPageFile size 32510M (AvailPageFile size 5M)
current process WorkingSet (physical memory assigned to process): 10M, peak: 10M
current process commit charge ("private bytes"): 16M, peak: 17M

vm_info: Java HotSpot(TM) 64-Bit Server VM (17.0.8+9-LTS-211) for windows-amd64 JRE (17.0.8+9-LTS-211), built on Jun 14 2023 10:34:31 by "mach5one" with MS VC++ 17.1 (VS2022)

END.
